49876488437878275
13315988392883204
221595075169617825
46881195761775075
88840252073603328
1217154370224989
43192649856869628
96569793560894145
66937944287389073
167046707750738595
43002290044425525
119720169946281068
63764935508463098
19732603955320319
159856745708947889
10369737471302069
196940026013948133
10399753081024560
97872791687811900
167148503548688144
48142576984689000
200613167367918998
9391010599550250
14826200369585628
178185986530054800
1722599126015633
2277684828493020
3849240473114498
79019787559967219
10254464397851928
37548920406433953
157535559536159819
9365795143646253
60708676361615685
38754810427957589
60877021884763668
112479761959513560
69792504338078325
47287823091211275
101266310559348008
34357509028682775
43390205704672425
639584744280218
12566914666318964
79534253922336818
52700782760142944
138568873611039914
2350747587723975
47342217326040810
219002377712024070
72731763455809829
229851948710703645
2429927840777864
14846476496917095
211495451693302308
101084432419651079
89734202291113170
791396871172245
43287428988461295
219091933439718668
50416104273710294
47147272071903078
184177494337834643
49673119983995883
186072278261125844
124639214498556758
4626354628866633
121236171256220633
136616403150810
28131562146502829
149205991825333935
38815755256627908
60248058387049673
37401800629235670
33683531629622043
65683478246229720
172623580913737814
26559197489738970
3012182111441745
156227144083340093
142842975840107669
3852796760662668
13937728702302078
14895958771648829
7281953966408648
296397155527653
193096698317033294
4301322832181295
11501195236319369
167099408248668
7727271247033073
186286413851590728
1827187343847900
152925595937288043
38257567284352233
147818037845243400
66466772610030543
2735891398298433
30224708593583403
203829105245393579
211935514630874594
51451204796128668
151748967341872935
23790323052571245
156859780496820
15234555479753939
206169901250949900
51199232785929068
26151197140134168
22634811847165469
777059889387000
17844746103155625
208652471322423989
199402125698062545
5939271603145770
189666024576009378
217480976163593114
126584048548507275
913818348623579
132465880340176643
326551684245033
25620155494413270
56445592078736145
6787711706730075
66736202493188618
35380511929278194
46943359308000
8493917160723869
20856642248731079
22480066571509589
34672508269854300
153514815706429394
177492247679155083
46660392291958133
4233949607026244
10382013738387225
24116058342002669
112730804097125208
30478144237699298
40302207864917508
65754081099229770
90426962537186370
88245831988456935
218684534480156958
104748403843029633
113641698765496118
160247879651163794
6784921997910870
6140977009273833
205018836629457075
85601892619575168
8408919992689125
76389848066035994
174143907038896575
94171332109207353
119273558409965895
11425443069118908
48158828905725000
157383529370640000
61134300844176975
41733865780946043
60405792019015394
84964725433279833
226161241919618789
1343335829671935
1294857476705219
41201667189823185
9387478066109883
144222539772846269
7518420538779150
8373443094497264
207341207472268814
126076821955623225
172070552915050245
51569760198138603
28503850873389435
33059449732728
14054694614824545
6532089171487203
181453769569287614
32481692695982310
117964416571440900
32679527803154204
179558215195392060
3370131365752350
1730207728159560
521621446588935
18727331240097753
161862921844854783
74341231282673025
16087105197338819
17851872565665060
24687143775436079
19708640362888020
8893484350371270
149696225663781003
34510967457491700
17869745174501864
7206595400090993
129086879139827778
5021610609391233
15605493353557170
69767289681810435
88085178535644228
232948515959504775
2596030212839
703966265492685
60829545998291685
130576444994887728
16445943410497298
175264649148846678
223328450493829395
470166241347375
126965268963152685
220232973545566245
184803664115002560
44744094700273829
29585472316073745
25284741711451673
127153420328270819
18952529497511478
17295194853438089
4444661766417795
185733683725905329
40248786839980185
27045360316048425
78633286344900329
12805624924293068
10692950167765544
212030179737971793
27891803442188070
204103085308566689
143165971455437418
83425159935174893
29198576591019810
22992102153425508
176092319708900693
24850044174048464
51232376187139889
175899821411011373
211304502069626025
33603033779528993
70290340529099789
2581791477231975
10695363326329278
85576613423174145
14601506199623100
214883643952042394
108077679202515975
176382659123150808
3768924761916419
34816215806465175
5776947979745358
25444155745203810
743645198271195
10961283882250919
2501883027122685
126913598444438778
76746770689546428
10086248671322273
48152493346678898
31001619307199639
16320355851881669
16646678210418323
113179887901498725
112787143007550
123137833112265375
24318290133831825
161810913990193245
110942151520247873
27944830943672043
14106159331302120
228806819569652400
35732094263003894
99614216923755720
157812435724918803
58360967188591533
8193490049586645
45091798191410685
217244120476286925
9676368499442204
63214408276146720
13182211697597618
164732135745870
59488800818156820
202771579281524204
57188432932399725
1489116807286619
54702335002343819
232575603333354344
1072540981005570
9215413396626150
118890466778567418
46586045471758875
19903549969446168
21632101050815685
202733131047390903
8916874848183344
94713422138014694
162981419561048039
59164972072537394
112576260161800170
198859563353834403
204722996843427918
570513214533795
78037226870824319
114176061637831223
15848775790227483
19739342221572698
1189609503036435
184943898297154829
41293427086695968
57727311627464733
57509672627683050
1456696850044953
29583065246058303
171864718915729008
48843096092741883
32729466658865793
54451075633784564
19255165976218523
5287718630105418
141849483427803150
135389765665765428
47768813576252370
21587980142769443
19034979192861945
6338759390863245
57783669398121228
82196485388997918
4266843877782945
131730851736066375
9128995588056525
2217921473418918
136850778235739939
102300241434183495
80286000499050593
557184099583133
325451486895173
94478000686421793
74607936233307225
14135667809884560
16912332963669375
87687496205520623
212870053173448454
49757506996653720
96268729901061183
644397520096395
73983461403420078
3438587001079653
129382914294830208
8431776166201470
1104950767919178
215031614001759600
161123910950289119
65544319755378033
170940143969943089
251878646629268
6324073909032060
163983660773040678
180049238672633204
21290846781910908
43850997068591258
39421526214967245
92011684208468318
25991759647332528
16753236360901133
100727604057697169
3838497323596728
225012013714209228
98002603054938543
65189154680506845
61658248754827725
138106263561456903
15321555944847773
86311147934815664
214178621610482925
184923557505127469
10348808710636935
200256337612755060
10865433372885119
137484881940402645
214732470828224258
138198153420250053
96875094045517214
17688306797043
183038650562237204
168619508582113878
232367478749717048
1376134005903570
202739112535088895
14951501592595458
2990864640918003
16059265315111668
67063845817401378
189660390617069204
149550173725677333
33348673184220003
22033730263441073
94058186300478720
54849800435065395
147229285443836993
92647235166979829
6194032011169293
45284549736014258
2521550862709278
138882889321918395
37759617229939878
208191675224275169
1707602027349383
221900639491545525
26243217127566098
69516756058974495
214712430281569770
110039956404051044
85782290560378454
58523544723116103
219045132159962133
182751507473847603
114053320071741435
6528640406001153
132156744305752320
55370084892334293
185517809053935893
2803534962471420
1071578190669900
63185634219341478
145013761439562060
233288413328810658
135747019872057060
192842803108559273
7462884316250250
73642021460242008
207360292851528
118744203455857158
181923828798021044
70918288085332575
436670701120395
6683139543253095
6127552546598175
77242980918732918
221480625517587464
72849040249476023
59275542171526079
64150773438934050
108738788441387093
124024752373147125
65833942198042575
8253257956799993
86316622412651258
181393951575468068
133483546212164468
62363269398669810
788156495698868
34387852804197795
8780126851139
180854252357905320
2000700676700925
28784210586997964
51604728043026603
138664558892487383
32667854448098310
145924314241402739
18685341125729789
65380231056681645
128942957209396425
224057945133878639
132729210292782075
22537958676135075
49782266893969908
29300208585020744
79287748296832608
25402729795104704
192270027468075
54535126917254670
150870016887086478
197814811004831520
73778956907724858
199062951468831464
59581350147926579
776107012437239
3200343886938150
11117560834245060
20156306800348350
169230157291085954
27550404075607878
95365767966392925
1236205976906579
25820092136051969
136913303554941704
640822393476753
5678585563515975
9330986514209145
141206268512367078
106273009755387419
72546273572860125
7529188547840519
4244506697230079
122709298012198650
20855744438682944
177855889791472650
720840021454800
172217639615928
171011163679809918
33020951829176864
68199263219103044
35131665088003053
210386496759974820
109960251989
118826598989580945
10780675061043839
92888744716770300
182893839249584948
140461982675485728
4544902520650350
24917196833494683
91191437057059020
72984161848939470
67187106924610883
8335279988830833
77444144904669494
93695894279516295
49131828465562668
87306206533264350
67365569110156278
9088988869295970
15066066584734844
38741859356892623
41698795507536750
23475911163781095
81765283327375275
122807532716205153
67569507152399175
174430907149513889
216093405154982028
97432290298519395
14365182774078164
129452847524907758
188991176952973514
24823702170921228
69006049153256733
126202935044223383
6031783437449133
130197642315654704
69827287782336329
297797532704178
161208423984543
99950677385595773
781665994891448
157831461661252950
50056984045063148
134333795799202373
1958471094024068
4257511798298445
177530001578736323
163320934923059145
90784591246691925
6011331785563050
179852868227271344
109060589305968314
180533739081951033
153630294295291935
114537727884519978
135455768236484145
229152108302183723
26324336209785719
22719016486877400
978191276915025
135475402147012845
89417089084276919
201027122731063139
86545069584457533
14266386850224614
653430573430470
74273229329315954
10416303207377669
6026531547322653
15810850258708278
232311072287851470
1251031637660819
1455244881957060
85396903867580253
62051328953921175
95973959547270098
54877342362585483
106249619213295075
163340951867736270
19058880473540685
9586917814970703
4413020173631358
1518186783595373
72124095114885120
29895191097236628
12164110081412954
106886647456349670
75939714194232120
33188817891886139
75189553744795053
347766740772918
22374362620643
230905351418340600
1276818499476420
12127398645887873
2035272977149244
30059618379401025
44972389369189095
116331963981896543
222917485269435
36584338085089470
225817556636381253
31659943727589435
53792326378075964
190712510396308395
697169360767568
2221764655577048
149822878016861714
6203746221014745
236365777657800
68513090286755573
31554583990756020
1736480074697468
392240966203800
27076341613736778
72234213726314618
162086880545409764
157283857368559050
15194215787176898
80019427684943579
41300562131069339
125016534710331258
5026855806205908
62665797343365150
54381470798690475
36756666692949333
72014337721410435
10948549244486189
186772871474323200
104485093018361808
90696197880209958
1231375937462069
99319621709057685
35548265909986695
80403359922107685
46602030742751258
186737538590443725
10573529811252918
339059744104728
159276853999891935
38174044517919420
108028224341379900
1797727426123200
230710345391985525
2758037933956095
113668300000670918
156299303882135745
101890615386432518
57241020890793
120033815317775100
71959247406930825
198812507204167920
25154515117182060
231403963101882828
135022684354358864
2008928878630503
1423132279544258
79240913481556493
78470791415310645
544327741730733
211641725029160489
76922427353663444
3070321417203975
96801748743754185
51576736081591364
139390918340096310
3914547487567920
106991660915160435
183703689982125
7573045272766935
21262976025456150
94251659857265793
1087707743937383
37543643821730700
230096656068627089
108727126889503650
56396902242250725
50860842636747195
164661456399020685
1307900274572220
164424704929875168
171362848157692008
131147099551485810
212706157173734189
15797273113355625
5529068553150569
121643736979555620
168221008181603310
24340046203995603
18070460921653683
40675145011457928
201773278295638560
51152547667055954
22674523065659250
66061173248784168
6050342644039203
151905980743289475
200625900405197895
56101872478407998
107947321318644435
188966447239269435
222346236853176153
35858982873001320
195777105185486793
2099249303580753
111788214110884373
149849258310028043
13671314932553250
122906187753775454
91289070084552623
108379229956018008
83543398483070958
4879317126591270
77003694561105495
24862229381917575
199827772160863560
68969057492498670
218291305199720325
150378867524608728
81811935051376508
60214953060668283
39612529658338125
232635320971715670
5212780625671575
6660330990602954
38538990380788650
160932808554472448
123229921668512400
30090720784667685
515432213167275
181581897613607958
502261808008233
77230870600243578
872923953365595
355522576296314
19758920806505478
13474360630608
113698873455398775
157860237134970045
463990350805079
22134878560700550
134635531809124829
199637575789553423
215821212705496769
13074603278588043
12990392769452253
147917089717813428
27649669315861125
5870620447302060
40872938136331770
134973387710625645
14984206410563820
2026813953741435
5071648785124545
184877139677164298
188517928940152020
187281018222007829
56176330306081668
181467501993674820
7577254463904228
416562277906950
51298196740071300
67579588312549053
160653126790829850
151940049156589064
3693565822226093
146953282615595058
19750415496510473
1864574197167525
89669677036688358
84096531417155100
228714349203095819
42350445794784293
5262689633689995
42267397837460445
166411437122800428
9588385004785728
216392421659670708
154604319282899969
38350164292550595
136434257755388789
6151043914888185
432686523887475
151986712321232853
164211229784537468
459197324435733
27638366097697458
184284797528881950
40154711801943494
53124821973858408
103068838595887020
85293012807583364
216877815964268
78492287500150320
4400711126495685
19178674036013958
56987870501568633
4270192631975700
47399178486689745
12310224563571975
232091904800501043
89821162809361643
35638577283368925
66352584687991053
93474161246658750
92798747368078245
189141160297608258
1671950832356819
66111569610865428
146070500746276668
90131987730214829
25649478135852975
46482488789723070
135697110631043
199450691087548019
171051584199903923
104727273267327558
24010662992691494
35515920816216270
77481138505522973
150830164026092295
193195759345475208
659541482373108
19668548937874758
132814970030525028
149974964403870704
78883511373720389
10711235252869214
35219884205759204
2611627810463958
11556999952382070
88861141492445958
9054325275065328
224933534653097700
54850181035730928
160826910392629544
165695700028472685
123680042046371489
6580723107216633
62883005027365770
165425060615691150
169603585257694560
126147481723163579
51337453809414068
167354282532501773
135153322511631750
65835440647489095
129485987169557895
189574397707037100
26607564666562308
26829298075718168
27044002603936653
164184682854550694
4608051658528668
188744014686633323
99670728769029195
61222493933970483
201756462807600
8397213571695704
592086382978185
78843531991302869
197796443419813875
118534966550345219
102045405520109958
223901137923824039
47917018847472675
37647750891834543
95846330457020700
23087245127309700
71088992096559033
21862467094546428
1887505078907819
178493981512009020
1570209417035198
181466438444171043
211742913673388670
214741546027976793
185209082548507095
42826165528232295
118725442437431123
164844075259891620
228025364481028293
11665683164077544
29924273769669045
39565499790436503
35217232654356704
31835783182157969
116443698043856820
390199227224993
164729070103455495
5183255071698975
97571373105535158
227137780062228420
95017388860768320
188710651478988495
225276427917014220
7478448831276848
16125153270291000
144293540274464
17995804205235153
51087326935698593
197564001327224423
177855970113305418
232883342331730953
28953638537313420
60445719920622678
139158885418462673
425829521046944
80682031846308494
1071898892003970
2360147412346845
231427977821883675
226324236444681704
56211430860854258
140901873709963919
204350575330083543
17571003155371383
29233700048839560
139640958502461168
18124659066235320
177518481787249883
10329239402266770
107133671024689169
4015879195545420
120173096018712569
210064917794763120
76355242220771843
217187346141797043
47816337256161495
224378615993896469
138205520859684678
83114453391076995
26257470812537069
4603550866766043
4169192407972683
210233921303194568
146019368398924428
46809100731852060
115296818527451553
5702324268521573
7660994574052694
89223381178389483
71781169095294810
14129103467737769
32562006094963320
199336510060351953
111986639187991169
9110970804629939
105779750015199375
68170188986991000
69470557701209358
1314422390906258
203185401917923544
13249871569677378
140840169607481793
149267894237225519
670594918513919
53324342768031098
175717021760338560
4348678842797954
17768363150671875
121246655831164829
7223094856019
27681645708926018
184231015405632645
168350441430250868
6041529890604548
105569873457402150
4300455288032370
58878857903505528
8230558804772864
7739189369765595
170071279149109683
100800867789677418
1687041895691579
105183277368407070
158840741417921925
6344077151339100
55153084788810
2476706971949925
96675064930125
55894974428988258
30298716934994520
204552678722097923
230431451125502925
14209381041672420
157906848011088825
186181894325047643
452572546069293
23055959635399293
6342957428848800
12610444998624918

