49876488437878275
13315988392883204
221595075169617825
46881195761775075
88840252073603328
1217154370224989
43192649856869628
96569793560894145
66937944287389073
167046707750738595
43002290044425525
119720169946281068
63764935508463098
19732603955320319
159856745708947889
10369737471302069
196940026013948133
10399753081024560
97872791687811900
167148503548688144
48142576984689000
200613167367918998
9391010599550250
14826200369585628
178185986530054800
1722599126015633
2277684828493020
3849240473114498
79019787559967219
10254464397851928
37548920406433953
157535559536159819
9365795143646253
60708676361615685
38754810427957589
60877021884763668
112479761959513560
69792504338078325
47287823091211275
101266310559348008
34357509028682775
43390205704672425
639584744280218
12566914666318964
79534253922336818
52700782760142944
138568873611039914
2350747587723975
47342217326040810
219002377712024070
72731763455809829
229851948710703645
2429927840777864
14846476496917095
211495451693302308
101084432419651079
89734202291113170
791396871172245
43287428988461295
219091933439718668
50416104273710294
47147272071903078
184177494337834643
49673119983995883
186072278261125844
124639214498556758
4626354628866633
121236171256220633
136616403150810
28131562146502829
149205991825333935
38815755256627908
60248058387049673
37401800629235670
33683531629622043
65683478246229720
172623580913737814
26559197489738970
3012182111441745
156227144083340093
142842975840107669
3852796760662668
13937728702302078
14895958771648829
7281953966408648
296397155527653
193096698317033294
4301322832181295
11501195236319369
167099408248668
7727271247033073
186286413851590728
1827187343847900
152925595937288043
38257567284352233
147818037845243400
66466772610030543
2735891398298433
30224708593583403
203829105245393579
211935514630874594
51451204796128668
151748967341872935
23790323052571245
156859780496820
15234555479753939
206169901250949900
51199232785929068
26151197140134168
22634811847165469
777059889387000
17844746103155625
208652471322423989
199402125698062545
5939271603145770
189666024576009378
217480976163593114
126584048548507275
913818348623579
132465880340176643
326551684245033
25620155494413270
56445592078736145
6787711706730075
66736202493188618
35380511929278194
46943359308000
8493917160723869
20856642248731079
22480066571509589
34672508269854300
153514815706429394
177492247679155083
46660392291958133
4233949607026244
10382013738387225
24116058342002669
112730804097125208
30478144237699298
40302207864917508
65754081099229770
90426962537186370
88245831988456935
218684534480156958
104748403843029633
113641698765496118
160247879651163794
6784921997910870
6140977009273833
205018836629457075
85601892619575168
8408919992689125
76389848066035994
174143907038896575
94171332109207353
119273558409965895
11425443069118908
48158828905725000
157383529370640000
61134300844176975
41733865780946043
60405792019015394
84964725433279833
226161241919618789
1343335829671935
1294857476705219
41201667189823185
9387478066109883
144222539772846269
7518420538779150
8373443094497264
207341207472268814
126076821955623225
172070552915050245
51569760198138603
28503850873389435
33059449732728
14054694614824545
6532089171487203
181453769569287614
32481692695982310
117964416571440900
32679527803154204
179558215195392060
3370131365752350
1730207728159560
521621446588935
18727331240097753
161862921844854783
74341231282673025
16087105197338819
17851872565665060
24687143775436079
19708640362888020
8893484350371270
149696225663781003
34510967457491700
17869745174501864
7206595400090993
129086879139827778
5021610609391233
15605493353557170
69767289681810435
88085178535644228
232948515959504775
2596030212839
703966265492685
60829545998291685
130576444994887728
16445943410497298
175264649148846678
223328450493829395
470166241347375
126965268963152685
220232973545566245
184803664115002560
44744094700273829
29585472316073745
25284741711451673
127153420328270819
18952529497511478
17295194853438089
4444661766417795
185733683725905329
40248786839980185
27045360316048425
78633286344900329
12805624924293068
10692950167765544
212030179737971793
27891803442188070
204103085308566689
143165971455437418
83425159935174893
29198576591019810
22992102153425508
176092319708900693
24850044174048464
51232376187139889
175899821411011373
211304502069626025
33603033779528993
70290340529099789
2581791477231975
10695363326329278
85576613423174145
14601506199623100
214883643952042394
108077679202515975
176382659123150808
3768924761916419
34816215806465175
5776947979745358
25444155745203810
743645198271195
10961283882250919
2501883027122685
126913598444438778
76746770689546428
10086248671322273
48152493346678898
31001619307199639
16320355851881669
16646678210418323
113179887901498725
112787143007550
123137833112265375
24318290133831825
161810913990193245
110942151520247873
27944830943672043
14106159331302120
228806819569652400
35732094263003894
99614216923755720
157812435724918803
58360967188591533
8193490049586645
45091798191410685
217244120476286925
9676368499442204
63214408276146720
13182211697597618
164732135745870
59488800818156820
202771579281524204
57188432932399725
1489116807286619
54702335002343819
232575603333354344
1072540981005570
9215413396626150
118890466778567418
46586045471758875
19903549969446168
21632101050815685
202733131047390903
8916874848183344
94713422138014694
162981419561048039
59164972072537394
112576260161800170
198859563353834403
204722996843427918
570513214533795
78037226870824319
114176061637831223
15848775790227483
19739342221572698
1189609503036435
184943898297154829
41293427086695968
57727311627464733
57509672627683050
1456696850044953
29583065246058303
171864718915729008
48843096092741883
32729466658865793
54451075633784564
19255165976218523
5287718630105418
141849483427803150
135389765665765428
47768813576252370
21587980142769443
19034979192861945
6338759390863245
57783669398121228
82196485388997918
4266843877782945
131730851736066375
9128995588056525
2217921473418918
136850778235739939
102300241434183495
80286000499050593
557184099583133
325451486895173
94478000686421793
74607936233307225
14135667809884560
16912332963669375
87687496205520623
212870053173448454
49757506996653720
96268729901061183
644397520096395
73983461403420078
3438587001079653
129382914294830208
8431776166201470
1104950767919178
215031614001759600
161123910950289119
65544319755378033
170940143969943089
251878646629268
6324073909032060
163983660773040678
180049238672633204
21290846781910908
43850997068591258
39421526214967245
92011684208468318
25991759647332528
16753236360901133
100727604057697169
3838497323596728
225012013714209228
98002603054938543
65189154680506845
61658248754827725
138106263561456903
15321555944847773
86311147934815664
214178621610482925
184923557505127469
10348808710636935
200256337612755060
10865433372885119
137484881940402645
214732470828224258
138198153420250053
96875094045517214
17688306797043
183038650562237204
168619508582113878
232367478749717048
1376134005903570
202739112535088895
14951501592595458
2990864640918003
16059265315111668
67063845817401378
189660390617069204
149550173725677333
33348673184220003
22033730263441073
94058186300478720
54849800435065395
147229285443836993
92647235166979829
6194032011169293
45284549736014258
2521550862709278
138882889321918395
37759617229939878
208191675224275169
1707602027349383
221900639491545525
26243217127566098
69516756058974495
214712430281569770
110039956404051044
85782290560378454
58523544723116103
219045132159962133
182751507473847603
114053320071741435
6528640406001153
132156744305752320
55370084892334293
185517809053935893
2803534962471420
1071578190669900
63185634219341478
145013761439562060
233288413328810658
135747019872057060
192842803108559273
7462884316250250
73642021460242008
207360292851528
118744203455857158
181923828798021044
70918288085332575
436670701120395
6683139543253095
6127552546598175
77242980918732918
221480625517587464
72849040249476023
59275542171526079
64150773438934050
108738788441387093
124024752373147125
65833942198042575
8253257956799993
86316622412651258
181393951575468068
133483546212164468
62363269398669810
788156495698868
34387852804197795
8780126851139
180854252357905320
2000700676700925
28784210586997964
51604728043026603
138664558892487383
32667854448098310
145924314241402739
18685341125729789
65380231056681645
128942957209396425
224057945133878639
132729210292782075
22537958676135075
49782266893969908
29300208585020744
79287748296832608
25402729795104704
192270027468075
54535126917254670
150870016887086478
197814811004831520
73778956907724858
199062951468831464
59581350147926579
776107012437239
3200343886938150
11117560834245060
20156306800348350
169230157291085954
27550404075607878
95365767966392925
1236205976906579
25820092136051969
136913303554941704
640822393476753
5678585563515975
9330986514209145
141206268512367078
106273009755387419
72546273572860125
7529188547840519
4244506697230079
122709298012198650
20855744438682944
177855889791472650
720840021454800
172217639615928
171011163679809918
33020951829176864
68199263219103044
35131665088003053
210386496759974820
109960251989
118826598989580945
10780675061043839
92888744716770300
182893839249584948
140461982675485728
4544902520650350
24917196833494683
91191437057059020
72984161848939470
67187106924610883
8335279988830833
77444144904669494
93695894279516295
49131828465562668
87306206533264350
67365569110156278
9088988869295970
15066066584734844
38741859356892623
41698795507536750
23475911163781095
81765283327375275
122807532716205153
67569507152399175
174430907149513889
216093405154982028
97432290298519395
14365182774078164
129452847524907758
188991176952973514
24823702170921228
69006049153256733
126202935044223383
6031783437449133
130197642315654704
69827287782336329
297797532704178
161208423984543
99950677385595773
781665994891448
157831461661252950
50056984045063148
134333795799202373
1958471094024068
4257511798298445
177530001578736323
163320934923059145
90784591246691925
6011331785563050
179852868227271344
109060589305968314
180533739081951033
153630294295291935
114537727884519978
135455768236484145
229152108302183723
26324336209785719
22719016486877400
978191276915025
135475402147012845
89417089084276919
201027122731063139
86545069584457533
14266386850224614
653430573430470
74273229329315954
10416303207377669
6026531547322653
15810850258708278
232311072287851470
1251031637660819
1455244881957060
85396903867580253
62051328953921175
95973959547270098
54877342362585483
106249619213295075
163340951867736270
19058880473540685
9586917814970703
4413020173631358
1518186783595373
72124095114885120
29895191097236628
12164110081412954
106886647456349670
75939714194232120
33188817891886139
75189553744795053
347766740772918
22374362620643
230905351418340600
1276818499476420
12127398645887873
2035272977149244
30059618379401025
44972389369189095
116331963981896543
222917485269435
36584338085089470
225817556636381253
31659943727589435
53792326378075964
190712510396308395
697169360767568
2221764655577048
149822878016861714
6203746221014745
236365777657800
68513090286755573
31554583990756020
1736480074697468
392240966203800
27076341613736778
72234213726314618
162086880545409764
157283857368559050
15194215787176898
80019427684943579
41300562131069339
125016534710331258
5026855806205908
62665797343365150
54381470798690475
36756666692949333
72014337721410435
10948549244486189
186772871474323200
104485093018361808
90696197880209958
1231375937462069
99319621709057685
35548265909986695
80403359922107685
46602030742751258
186737538590443725
10573529811252918
339059744104728
159276853999891935
38174044517919420
108028224341379900
1797727426123200
230710345391985525
2758037933956095
113668300000670918
156299303882135745
101890615386432518
57241020890793
120033815317775100
71959247406930825
198812507204167920
25154515117182060
231403963101882828
135022684354358864
2008928878630503
1423132279544258
79240913481556493
78470791415310645
544327741730733
211641725029160489
76922427353663444
3070321417203975
96801748743754185
51576736081591364
139390918340096310
3914547487567920
106991660915160435
183703689982125
7573045272766935
21262976025456150
94251659857265793
1087707743937383
37543643821730700
230096656068627089
108727126889503650
56396902242250725
50860842636747195
164661456399020685
1307900274572220
164424704929875168
171362848157692008
131147099551485810
212706157173734189
15797273113355625
5529068553150569
121643736979555620
168221008181603310
24340046203995603
18070460921653683
40675145011457928
201773278295638560
51152547667055954
22674523065659250
66061173248784168
6050342644039203
151905980743289475
200625900405197895
56101872478407998
107947321318644435
188966447239269435
222346236853176153
35858982873001320
195777105185486793
2099249303580753
111788214110884373
149849258310028043
13671314932553250
122906187753775454
91289070084552623
108379229956018008
83543398483070958
4879317126591270
77003694561105495
24862229381917575
199827772160863560
68969057492498670
218291305199720325
150378867524608728
81811935051376508
60214953060668283
39612529658338125
232635320971715670
5212780625671575
6660330990602954
38538990380788650
160932808554472448
123229921668512400
30090720784667685
515432213167275
181581897613607958
502261808008233
77230870600243578
872923953365595
355522576296314
19758920806505478
13474360630608
113698873455398775
157860237134970045
463990350805079
22134878560700550
134635531809124829
199637575789553423
215821212705496769
13074603278588043
12990392769452253
147917089717813428
27649669315861125
5870620447302060
40872938136331770
134973387710625645
14984206410563820
2026813953741435
5071648785124545
184877139677164298
188517928940152020
187281018222007829
56176330306081668
181467501993674820
7577254463904228
416562277906950
51298196740071300
67579588312549053
160653126790829850
151940049156589064
3693565822226093
146953282615595058
19750415496510473
1864574197167525
89669677036688358
84096531417155100
228714349203095819
42350445794784293
5262689633689995
42267397837460445
166411437122800428
9588385004785728
216392421659670708
154604319282899969
38350164292550595
136434257755388789
6151043914888185
432686523887475
151986712321232853
164211229784537468
459197324435733
27638366097697458
184284797528881950
40154711801943494
53124821973858408
103068838595887020
85293012807583364
216877815964268
78492287500150320
4400711126495685
19178674036013958
56987870501568633
4270192631975700
47399178486689745
12310224563571975
232091904800501043
89821162809361643
35638577283368925
66352584687991053
93474161246658750
92798747368078245
189141160297608258
1671950832356819
66111569610865428
146070500746276668
90131987730214829
25649478135852975
46482488789723070
135697110631043
199450691087548019
171051584199903923
104727273267327558
24010662992691494
35515920816216270
77481138505522973
150830164026092295
193195759345475208
659541482373108
19668548937874758
132814970030525028
149974964403870704
78883511373720389
10711235252869214
35219884205759204
2611627810463958
11556999952382070
88861141492445958
9054325275065328
224933534653097700
54850181035730928
160826910392629544
165695700028472685
123680042046371489
6580723107216633
62883005027365770
165425060615691150
169603585257694560
126147481723163579
51337453809414068
167354282532501773
135153322511631750
65835440647489095
129485987169557895
189574397707037100
26607564666562308
26829298075718168
27044002603936653
164184682854550694
4608051658528668
188744014686633323
99670728769029195
61222493933970483
201756462807600
8397213571695704
592086382978185
78843531991302869
197796443419813875
118534966550345219
102045405520109958
223901137923824039
47917018847472675
37647750891834543
95846330457020700
23087245127309700
71088992096559033
21862467094546428
1887505078907819
178493981512009020
1570209417035198
181466438444171043
211742913673388670
214741546027976793
185209082548507095
42826165528232295
118725442437431123
164844075259891620
228025364481028293
11665683164077544
29924273769669045
39565499790436503
35217232654356704
31835783182157969
116443698043856820
390199227224993
164729070103455495
5183255071698975
97571373105535158
227137780062228420
95017388860768320
188710651478988495
225276427917014220
7478448831276848
16125153270291000
144293540274464
17995804205235153
51087326935698593
197564001327224423
177855970113305418
232883342331730953
28953638537313420
60445719920622678
139158885418462673
425829521046944
80682031846308494
1071898892003970
2360147412346845
231427977821883675
226324236444681704
56211430860854258
140901873709963919
204350575330083543
17571003155371383
29233700048839560
139640958502461168
18124659066235320
177518481787249883
10329239402266770
107133671024689169
4015879195545420
120173096018712569
210064917794763120
76355242220771843
217187346141797043
47816337256161495
224378615993896469
138205520859684678
83114453391076995
26257470812537069
4603550866766043
4169192407972683
210233921303194568
146019368398924428
46809100731852060
115296818527451553
5702324268521573
7660994574052694
89223381178389483
71781169095294810
14129103467737769
32562006094963320
199336510060351953
111986639187991169
9110970804629939
105779750015199375
68170188986991000
69470557701209358
1314422390906258
203185401917923544
13249871569677378
140840169607481793
149267894237225519
670594918513919
53324342768031098
175717021760338560
4348678842797954
17768363150671875
121246655831164829
7223094856019
27681645708926018
184231015405632645
168350441430250868
6041529890604548
105569873457402150
4300455288032370
58878857903505528
8230558804772864
7739189369765595
170071279149109683
100800867789677418
1687041895691579
105183277368407070
158840741417921925
6344077151339100
55153084788810
2476706971949925
96675064930125
55894974428988258
30298716934994520
204552678722097923
230431451125502925
14209381041672420
157906848011088825
186181894325047643
452572546069293
23055959635399293
6342957428848800
12610444998624918
141706359506443875
1988205412032818
24077978343910589
162246289225658583
7242955513017329
36636776187469875
35351552635470
173111619795746100
46122397858794089
98226461846098935
848513834389350
12296395978271820
205968615360133668
137937637277600028
12324558946129233
199053025139919828
139432500899591820
79277167347309383
219877432152092204
128505890421622994
24797116599501345
50848042581979278
33572384394506100
118997012403121128
102483448844970704
67295497022568753
33620609520908628
202975241559171300
178839592613526060
212202574293817095
10400165818774293
149035347868074525
13713951762348810
106106248918770783
40509383032501953
97844146134868185
177715129211249793
106481552388612270
132258111514487685
83999581500521258
204861807542045573
13950980236899593
204294522624828008
28000397610945
105350006398947989
35665980279218145
75578041499846564
47332987381689173
87058751908086329
33982028690160435
538848604146435
42448445962375725
170643681472121550
351470960591685
36007543459435278
86908690150128518
3524483165552328
20863915431636704
183976461555117108
87614613722549925
220213354089463470
116860352786522423
1807121731577204
34746429670169
17167308570543614
186173020736026079
103140329851869750
30104511842183639
15030900328325819
128587463645203293
18825372907095975
190818595851873000
140073903061143345
1099091321466435
68789580322276919
216588303546081270
10416635983717544
3988086623606093
165439539970085444
14512697033503995
49974268670685
135351859761655683
66499646919777923
45455753168379228
118041282757037418
3548627073894075
187394810943761853
100490109898944195
92207575488050100
15045483062376704
95988079166200748
155781138721519800
98797694392614150
143566349646560648
99853172675469045
3444069693796883
117833452305582420
14827696209217829
146049263014527000
56805470045893814
76203887542508958
97109164938995100
232659397502317814
34410379699073714
27604888902870708
24355134498929550
67543615368936945
46056837626409698
39412236148510545
19842151670887668
43125239469159078
453554131748145
26696449745668935
197279907938523303
152103795581556978
8229325669050269
70391713670784569
85419483989578844
127760627972527214
14128838937488250
1606000448348
478981534003278
188295981584931168
10536885427244628
47801166141529185
17787281182916685
46923927282284423
8660308700046183
210150121871494803
163333262036602350
50879426544144810
119942194151938533
1423299802496793
110924653736140245
99023953334246325
112457735593150803
167925782381420745
149013240378926793
59356399713190454
63020477850839873
53401762548351644
9560345215817039
12497756034664125
21094920669383648
10732942579056168
93420529178479020
13839616773007503
100483885407449895
23826821019095258
11909866630266168
27735509522708325
210212661400953623
174422016415270589
158553510712745325
53937669030552945
221724414084380318
159774097346638695
4604468830070633
135393993334002195
26421783099508545
37860831528384195
17536523763863895
106261016222000618
9307449537243000
12493827978419250
133257127707833864
119969120529743
11493704768736345
31214942113360083
108133519890808133
50146768817307548
31461251873167383
8150744791389293
49279017161969595
2797307765807048
1200748767709758
127009935768995069
37060264032739650
94638523774222935
62619755425281858
41266616022126614
203972352881888723
228744514133323695
229294080095398523
99305582066399258
140165986595145
33370273624964478
12815930783313450
5470123893137358
140685990604030395
15447884397194793
4034330093206983
103823337779304225
32787151335047669
80508104456441144
83666887805657553
38616044308372935
50879302798956435
96207303328065060
61859462049150818
201164713027200168
138094415210739435
21361441041978464
14567240233909770
123742283619677445
8755216347364800
209277780446766248
231961908260637450
138541887553229693
12539585687908244
7170738040949873
3355428895745498
59116091848748918
37412771879464079
73315704210927528
211563393981720
2405969269140150
17311356904884570
7110679246173195
21842851501311239
100490208337363964
198397716325093350
695715033530489
6308699704342650
123410827546848543
106148008463967869
199660890613060800
152298006604742579
218049498891021435
6648432225518445
72299652225674478
138999921984113928
7120930488323400
18154991350600875
84008082494415398
99660781605892418
109355414515829258
76736967407609793
165508683497094195
199135551221579
188052480293833935
7858128418740825
143616315607289628
1706886159295353
51310566567094394
582967199136525
180686719167194625
2235191488405425
79473007613596079
2896520060616975
134951783237824578
42294714228541668
175732131311915253
41735994776059770
9531750238243073
4922267865072303
131730219832462470
75022214839948964
42921229440129558
99558880544850944
60781258234988325
193948027431061320
195736209111926843
43550370922670243
20075216244246903
2644873815376653
204115347800439719
69097062407304068
4223076051982739
33882513369153
39814437867091350
30706783160729325
44152849523191728
100501351221832650
42305880684926703
1953470329132508
130736170757978043
88069802199438164
58002926113251408
7379221029914594
124437315103395900
29972162962181745
210350555705014214
148349840514696464
125977169715404498
119068733674249883
381983257982843
70276454028057120
187197648978107883
206680910553238298
30500066175448650
18559380543543675
110935771291973579
140009797156956153
4174582030377945
138879262523691704
127762924088676453
11236727566503194
83075090618075685
154535189424492903
186331038698883420
15010243709059383
12553098244593918
42108712731405870
26659324455285060
66970785425568810
10072748156917128
446129782676043
3890673879593633
142644864128864625
148213016175021750
34789589200672233
33283823177053694
24270065360033864
32347081144882448
176785821582402743
49212267480375
105426083455471845
718992063054143
181973120708170308
96914645973141848
42764020140767808
159584529546375
163800693974146019
73413987689529773
41557386888990945
12148125113793408
18161341120950168
15438043839170778
36967023050482845
45013200730189560
69258477746263668
9687962877956198
98087502766572408
22004689083102945
3252449484488993
12800877402518
214772681368372920
369651051543795
160588363360675185
5627714629958133
210169891420539435
18526668920817918
56534829469241850
73486930462457325
13215020556876719
148919605222819725
146839922166106125
21143490228597518
42520461202063350
68749998339266358
69063151186619325
5995668386124675
137058296289829458
43174040293588169
114447982043504669
228180559265058218
107281696818938048
42147599722674225
94876645273699394
15759762476902503
1317078423305418
97167699851894100
124415824013888648
204332890292469900
8978247875589419
175782963219376668
77256217111479570
2962530333050178
11454204707736333
15067767859223625
3071788511493003
33664175847462839
12552380149743720
135438529543948133
16882198992448575
230668932013920900
53652044410955808
1088415402614325
67847574673232808
561035349998370
984156537785519
117224457645806294
169464804475471350
75649336378652400
58780822444200
123194885146210500
18899340511366800
100168580918828625
214647134959247853
14854102603051508
6154072350211668
197037885411919308
78958208589637560
65043278145605039
43521750602401083
94458161207372685
39603761340177918
140229127851842418
3094468371551895
77335957449163050
1598411822826060
194714494054228050
74817104865229185
36126788770616310
151488573379758810
12347405167416708
16246797252259650
47248827532273533
195064737442250048
89682850782961125
35250084742907475
128105492326297425
229966308237317403
112229779185671445
1607534940772293
1173333081170508
127919434177108725
171227804673053478
23025914821715220
20058395811996750
3195052860553493
116589347418375
11145822834080958
87336264700911108
1102347724112583
29542489174297203
77196569418256694
149207120146081739
11173418040236043
48714480031904918
162116679830195520
26760219237119258
53520474036091425
232170253171126953
3369314546482560
484075436744250
43819958364014
26886897453648600
982299606522300
117342986088202293
41194228503116700
5705075978217000
5204679954509714
137455253896125003
179839211958279323
2779902401744520
128347600841098394
160311229943119020
703425391343520
219089380126135920
56362127890439
149961673035332595
137804432712745308
7411187599910550
122713863835522694
110248689057136364
90304022843970719
119574088511816258
48001913402906414
10293297369113250
6666003528703650
1704705180228183
28334201925708014
174765810794172558
184892184952738560
231600752416805685
29193523891176764
6781938336653043
28949925837216228
32926152932582310
151135207528136793
28533661290424878
74979330203472398
65519150162761823
947268692317133
61182734759041545
119038007217830628
86668198461919845
17205734901171183
55421566547518158
90871572979417373
54804300780697935
70550255717883045
157112639239742550
89683905964399560
14283051916627653
160417669636468493
49844431378451445
157358771216206568
733433873529435
71364021589569228
148828130273545425
9682690382311193
172237728718694925
71742768792208800
51566593515255329
220752311260011750
170184653748857700
137302726933508969
25394127994331700
15138488694181883
115752931312377918
2447488084219793
19337449872060
7934211408345528
120097993043993310
51734646917807189
123467462679569414
221755777639254194
3296267302201664
32538437906895
102722641939659068
168301044062580543
1209294919239008
6664309524384435
206716862407935614
46252419140477418
79954485464995245
11757070839674489
37627894008031353
99447193691744948
191426230871939400
63735483982839075
19220436172247954
31442239061531808
174613371550013039
219007853427708464
178597072181944293
5519397965803800
78765605252178
59427913538860800
124436681224787970
174931556103882914
115177431339837978
23830412305572000
91222475584034028
62214386168440158
34950317846761395
231884954813006918
45818786538760533
72166985722772043
25693394655737669
16068881210264123
700643036034914
249665099223543
21227005024144125
44493064290928935
132691728479952825
42304903891149600
2703305461642200
50961157831414158
27352445750662668
3326304484521978
99431475843733395
57157373058219945
196932676399825275
2045347401098573
2146079628198968
177922700249135685
7970850403467795
15454883594469903
154808325978681825
67271110211437650
53076251446716633
28788817122670995
173525760968564328
107452024316245223
31785789971700810
181461019328638560
2475926195696628
14015888508241133
134133108306582758
24135806247273270
176342987943505395
120596346493126683
56152636944888858
68195588595430079
67046360043777989
105614636900864895
34610760734093789
84555971220464133
667871217978810
73560779747069178
58852960487003970
29430324851665508
57219956336260770
122144950399880103
81765371530194333
3395433830000954
10624526673770670
42744343676300370
172476597036894345
192981021597100653
43823989515424118
54218852463374820
18087686668531268
102639212421080658
90723608344986435
50341366514399478
199394770034583303
133782066847801589
47707091222409945
7098504956246925
168575957822337975
50801864577054269
87479639908378245
44920602526608708
182393311351879185
2205869115151608
119999540234028783
67787119314743595
138015460985774204
99443702977916478
243103473114089
1092639978240525
125341426987002225
9699457566434325
105086985612305100
85613937874691468
6717818273063043
25707802965148094
598071272620995
42837516318949073
24993455310576704
14356867139915685
233039002044084435
605031194355978
79099778232163125
124771628849441028
138617441263936095
10401309282341295
5287962353730539
3477012888997935
10136884632370139
970281129502293
1989060650990685
6323774120597295
73327695309051848
66501390493456425
1227833765826108
61795674844996950
11297705779805423
13954819705854323
92438871902291579
2452836246486269
171586871241550973
28041940027059750
9772927496449544
26439220009007133
2267794116049118
9806985022981008
157443464698705514
85040845360230218
10371154176846869
181614409350240195
98310677576477954
302996507874945
224772666122449319
108787231908532353
51809007268322969
208748856805586403
654827692139264
8266576195288148
85868553855804918
10603126072938758
4325590500709200
2052096914071064
719674076219
56018009038174073
4060393146185595
339885576450183
2814228414101283
206644673856451545
74181712131684593
12830976532047044
18864572132475008
198394822773053043
211252388571665243
139596864305017500
38098037959654185
161338440478779168
109871505311823870
214763947051161704
8210826588080669
190204203593612700
22512120057372918
29863979932215060
50557449919299795
128777009595335358
140651020350371025
10380275326943
168689235167980079
195668833198061594
1226086956034619
98254779795429194
147119178956879700
187529571629317500
7945074873528173
199691320794846173
35721508452722103
69867371249141144
56889494034467445
229481140130173845
639051145688700
1166704924612829
139395368790586769
2035238327806439
19710574841397918
201325247621796704
35451541409521803
63486094353672023
209004234784632870
17483486068446258
60527989210727444
233068889134941168
20364102716582520
11218705174425119
57829329302668053
21211172777695770
24178947299596983
20809316087816685
230396100383975670
95675483386924845
19430337916912668
103139319942094050
224544263093541419
229797719076997170
34266659999751914
27035111929994958
40779756837938489
50250319845352560
125809991413564829
18433923815042583
17940065866639889
3147168709493403
114507250604641769
80595274194818958
36649062579473745
160101795557637593
55461128332501578
38551510782283458
1276253700273810
178280634310871519
167130728452425543
3222210514318383
88351360322801693
9116730068826044
109432544649880320
7049471821735458
45415265307102408
1006752188901704
4182907230282870
19387257484565400
57399869475688128
61238124168979185
7444639302413670
68123629832149829
231423603811426268
79328598131042204
55973126365324908
171788977084461168
35450090631077100
24338055411220508
4500174220094553
188847659360354895
10578912363960269
200105625579692853
42210733770019653
153430406434350495
136173420226637145
283568966587043
47447111869224075
32458741100731589
141885030450531704
46099986616191704
51305480596438245
6231094813304553
65202814600425078
17962002622866600
138657075160042544
45358250099245425
156128779685704469
48573574120804803
189926142354917475
130052581971049758
733684505639204
59121052403003178
63623279846551320
25822050829806758
75964911291262350
227571000583779678
183158966198579
4396694658399450
10836707608642200
107796501422552895
131092357988693310
34647522352565468
16471267736802345
107466772329041220
159868146760596168
123148958987144475
28550535205673579
184269854300647908
1048454248812750
120890428846485258
66893853490458
4949258171832464
1204281351454664
116946872293654293
4176355174138364
54504873553960545
85603999842062328
113247484568405103
214719712150788008
11434937197979508
72062127165031575
59517666492385185
199120656908622525
100998346509116595
45443092816184583
6074416407923583
208439150981469750
192316575303148185
13437508795451550
209096858090914343
230889725622293310
82925589835743603
73261361645507058
3752499326442419
56273543360003175
786018182247708
84105703132523114
2386982706013320
75085466828653293
72978660917194560
192803866353481964
75830169926258
105326063266068903
178912444752870689
27397247519651954
10057081439646150
68746131956987628
20623035796614008
361566888634983
64264857988942428
5893453679196839
42895413182648579
44046357096355245
123685580387440758
5257409387395995
26021116790861595
232111269485004645
193485194261663478
131506644462259983
101010144556928883
108672722544468420
150225295016075625
134827492446578745
227961896403756408
35929631407594169
53433220895078310
8105531602976873
48308850561279923
21701759080372125
1458375086082918
57768538688135370
97543924520389319
120357484693554120
12351947454040308
192667669555922204
3945224778423225
106699778594279358
4169962656519720
106021460409033
186563522784870495
133740529327837608
1248974980800
222888665059900020
28334382782636348
210217648335714633
2933366093238183
68117568525270450
106683597739871058
13990186166821125
59055679393703550
97849151178781320
121236748634905245
161050953176579258
27532236908352060
63839303098552578
149935564214033423
11521891711535208
769734938984658
89639020361337045
161782857304445103
36172385807310
20990452535414370
85020240920011748
135503440539320714
53280404581015094
80118727758801678
62295752159460495
92871251261940060
179206608739650
18949604653087973
36955890115711695
140137298259120068
151807367605194383
50488840013906393
387011202497043
49837954005216495
115784503751749425
137040213312908775
17889335101707173
45630666530402133
43701526526681295
67806765509590803
2168927367925523
3973112130382620
2031623809537983
213723354540592428
62346992742264645
3166915632175845
224940275003998158
165853239365943689
112116572224252350
81476208657180008
19817398003678394
1143226574158953
9016467797776019
155596448990643153
6134741185921953
9341417116289778
62842610026877895
53943907012939454
98228829413426628
149932087645131168
134363735089519320
74219747249703120
2065310628054795
45287296552705185
54202091639552339
65935658189039744
8681874903590633
52535959017277064
12081822203387489
99891411432661898
128916601302479625
1685762599908633
105719637664295685
113170435742460195
31569832769685435
114435614881473483
214552245056248203
150296946965656589
166023452163129603
10807823155797900
44615065127203935
5049035711983275
567203019283598
4166852556118668
835669066872750
141353039915919810
211835089866762194
142809831237507539
197293023943840769
85742196697980900
22499002912649670
161620717801008473
63055574937514170
90445901526665685
10176164471621939
41532035637781545
92506659389736603
181211996687140275
32125425948872133
188407556740739
3831612194792895
940007128527375
103448459879820098
71168771430425039
3240278946663108
146871319212207483
211208796532453668
1477879535889239
16945604636592060
25896441295132343
2850649587464
181291005154545603
10788959695684289
59054816603946525
152407825940400033
57851030485277519
45507076849701933
23659764286801508
223506571671694094
138302184641927369
168625532382106919
35892981772620
168464061895043579
6388781780185020
194512991467435470
47184159377436570
149566405137395400
26567331664761720
326157988032383
39255242808880898
21888795201289875
84492109345297758
150883255971809958
70001036476169204
56081999642122935
137320445181391935
1744401098125364
304768686377028
3310007492555775
7456025585692350
31639414575449895
2525644504352295
83766057211822664
26825736382072935
37949264959969943
95995278230601075
75921152237870954
176724990516448878
123643848215083470
200009776415082494
20208390721176408
20901868060042083
18669547722763770
197101334037212423
6161598923718645
127208876469551133
38015554198315185
35856801695005608
208172285134768545
219857964436695704
205769565114593723
93249959252860223
172253860747829403
196892184322869810
82706816537567025
67860022964914964
191805489260683133
175211653940580678
44909445802153725
33453801379943
96577561899225645
14802776659126508
7997993455185
137064414652940778
216563876927678925
91892993179286579
143249037446796435
203975923544525883
2157759742425218
106258102972626645
3385571087569320
202443364417514478
48938836245557594
110728110411197069
195216640181979153
23046709775634968
26126726885509728
1657085997384720
110000071920714108
27014488282890600
10670428579693128
29293349604099168
135029046186246228
13575932016542918
13854478276007700
46810480708239720
142056359216063328
97720462065573389
14023421317280039
25994428097291145
193829004388032045
137470279367441258
21923150624530233
2613635771931900
162150769996439658
2367691171940475
13662120752406225
23069654745487428
5167892788460339
4514356809115425
118433414863740600
152399239007629050
128059918373351618
139910809994894328
186678957819154829
26902190708601975
195950766650066778
73446923563616993
110531071684691685
588996620841375
18359037338078445
6227767950353894
124611508831755060
53872673935675298
25288880073319814
692370341741939
52275157263194793
161132785129013670
106997439813769620
91259422346747418
185085631157733183
147274024716769695
48576256961963703
68019060681267450
137529641692367204
92902850081315519
90330834539172150
11501293145318039
59458812396711329
8561988206031375
1274577125163944
104972273234932439
13748490944037303
33567299458751433
58578463400210700
72393556725737325
19505767678481733
1069165838778
184180860345183
157465919462384939
2748985797191685
51029881097391168
47181166312465050
173245087780891650
82980172813429829
129340967297833608
76814435794093425
57782078458078545
7130257875713400
214274885464788558
25306268777112453
165748513858548719
13950928154238333
186131967730761794
150646863673540128
195289056764338185
9002362918182300
137495614067089883
23108257078844
100101263341324725
5792539857780698
143868732774601079
203598757119085664
1557143533983543
73841798093310
713388378467025
4814258421441150
38802365820688695
7766469188910323
219148591758897453
222279735204679643
223112333828257973
21529350615154200
174853483651518075
12050692435895519
20151618003501153
221386130402343918
137649634457231939
38267250772500518
54403384809590145
52207968634666245
58743555601744223
50495179049507070
2642080652182770
9580349473330128
10263539287822650
17821084964653293
139737386936588325
9646924921622043
180796106276053293
9488846218035975
201603363676614389
159330721351415208
178821546915295608
27779219453887608
139616525327739435
53126291624373708
31263768563225670
5903743100159639
218502055524291828
1074674567531579
79859463699314264
90472384946661378
35298583091370
1684970424616803
198101684812594128
6424987245817469
67154748184395008
206636738797747769
219727601980861533
11350608812945444
165982526162780358
111837437302794539
105860620162989708
156889902335424435
163410030412353248
35554260697432620
64086616103797845
230432222285635545
48335448891985883
104291384196634695
200965899050815695
6556448799091320
72110940895271310
84640551013699079
196748571072373908
214139555953424853
21794570006434878
193999817549943419
33740721607369308
16377738009275475
202379392264153868
61407356599928625
47295741640002593
34607373136830675
193439504959216020
50083647413178518
73043857712141358
137615574326592825
32978323037872935
194178928855309343
71410170273354933
171537717224454828
212335406412443358
2881424448036183
920458117484775
213484737020199675
73328662330610400
17138829295474575
13732316437633845
101360328560307143
60202086613944378
179177367266980875
98925762332952633
73723447974093345
44827659158655645
159924375766733043
35761291331627925
20201239485968639
107554724933351928
47672431348434918
12492625663982058
116118066461914454
636311657812770
147983574897166425
4946574238830329
206820493486037808
7387985731719453
171337043791599014
43952995844210733
143370179275857398
136635205576754058
30868065840902768
171815501087682570
1164786453228150
44151187832249220
5326816074119204
190924955943532139
202085265455405970
51633286443862458
89336920988785185
78598493434704614
96619988006362428
3404227249353623
148304441439208950
166222723098318918
208356753290005964
68355692130184053
4573886513393508
122639615932964793
12390026737277670
12394436265577919
169347718696018289
121241411684933043
3565195240283853
4379171279086950
154277741610741119
1143000215934168
105187389767878320
20027437647442200
823282010101203
157014598539538935
189319914713090798
143768537294334323
173085194886872658
189453761777716079
226606081492345725
14970325901639468
4510681571461079
7957947540416310
20376986672010068
8884749932841003
18857862349594293
29875451009672295
105719251969600008
280139993100
75613205705038935
94999500202000185
16905074931825168
1386415544594793
193955829880099889
192231198518919675
117428119076072819
182206007923747560
78179704169489583
219469521406724775
217154185945573919
9881936784387225
67766426159266620
142659064190960744
97698686710972193
102341386987966373
62733310985923875
177676257870389850
2197443908276475
9729180029430225
66816178145251094
61409328094923810
184837707261125114
75953044218160428
21334980658245044
83583431042009873
98267659252377828
61782161538590444
60870098898971789
171933108827967675
195186743123661903
4137165730607358
49344262777044708
36240863310804195
35040005275181445
199982995459044810
25476247558054050
80791146060671850
2110148367374028
20869675675439133
93027169954613925
7962515435591145
232217353735578375
2478476458843935
114885582374691528
63452923387864728
46367669474497125
33447943865669220
207519066025920
111239972747085603
45560363139381398
8949779811134204
789688732396668
144568693368072068
98289225325834245
25900873962198795
937353987453
31497619693976370
168298031651353394
110642782107429450
145263260758806228
35778212223810
7656058802070644
60532565017551120
197993924220080348
59751655477609739
154886390900417253
39180077214132218
38626996914719328
104304115839401219
20613580514738648
2842979861487870
117718656766673208
102681504720850973
774349501636133
31878383068575
227747385020122800
14784300423576900
222598339377044414
220320668963003100
42968835463263603
53354872136250168
174589512053545158
225091287295738935
34253261659900508
55735715651754678
57817954325553464
184675690618865025
77360358458640089
142259375419875168
160978864957591079
39178002556542195
79390785647538858
20859833921078579
592500980988014
204589836467556378
169165913936030100
111874214553570
74554922762737844
172639816158459420
63103357684805564
20594291130219345
23990738376690869
78244130764884525
20473624612877873
35792742541739583
58177413745791975
227492581050903539
57638413963701675
36152927476189875
46311172663563483
22668513280629623
150058473228036708
104564694993005478
73896752159488500
8269906585408245
185379909309401433
26809921507599945
70946698495524435
195961999126098858
160027719700012268
2357664014766758
31915246828219650
180812709056660468
224215235610257295
111899441527799625
226507455629705894
8158358274580508
48717666885314
28987887262826508
211485647542612508
27226681736094168
144243147366413070
3441702465201923
150766725499619175
71554469353726320
20675412885380433
50212869628738668
83633336900159253
11755465025524094
16307496945090978
7046016781942158
95061277254685200
2336740759747193
1367648585227770
97283653864212918
209668469445752325
6369219464246178
44924958715376310
50116969574976269
60861756493751850
163158720371726954
3257819825961108
87317871926034633
139887105825708825
61790369692584558
122374915155628245
25304911643967450
37423577336434008
219617037046465814
200298231282784695
3555503773286850
111549956812985508
23039446091351723
74329248464351808
287134611847898
9236461839088560
150322201913032523
82873556449078185
111165693124319403
78637286737305270
87314177087001248
127428181480171943
229124915085397394
223460785760296950
2844287045697248
28273214306404185
189211978354287525
127639169693554578
203635515169509108
308063312041758
7077455765544645
201555992351860883
158228640203140673
1915562106794819
55486756141347378
21684505400894928
87678610587096750
105275374082616164
114982140961793520
127166463966314393
154469403612455414
216212130029632275
2455791606132525
28479798617865270
35271302842041443
65418970729424144
196623275584118625
29812286005819233
49916857781437560
3585222132243570
81017057394453
2659985727312420
193111455780812295
38607301157884319
108339969236601704
19477304837700603
14719630272507839
155190492067540275
138093519738882603
11991510694274928
166745597888773608
174680234920320
25090294078024560
64670003588657400
25907909371863764
23233247294114793
14729244198273543
102295778658102903
213088516263099228
32324787202988070
204752747132730060
124265857973689158
77581457741170448
35352121170750558
1977321009900603
43242115590724695
120942697218815418
21220004465160435
51170291273177583
717633923647739
113962375601502764
80564649539517060
211471669071306600
5664911134125903
77583079784970704
199168802747434125
198094000278693678
55756360498946895
6995938551426225
78564588480436668
63223976965749483
104760234653408328
144308830084358703
17379089605836329
221231002097832000
133834936739678043
12969044161558298
62099931245832753
23368300035282419
202723615098984918
80659637074225454
75193471236135435
78144685370870658
209180662210662075
26010008303932718
223024917480340619
118506986502663195
38925179853740685
2849273241469214
9612194571940185
88956246768157493
39310163233055370
143936519132713244
51239506350272043
100456962518747418
64802954379051644
23354449798670618
9064294228740968
8569556394787983
945392995726008
63220337415816758
81086983292631525
5047672030064069
74226381611396294
67385607151767345
4673071656684168
36355362398796119
178127100212640173
12141950368189148
21020390023829
17284604975969220
113646998524508204
177277952996278293
2005107628055478
121939393592355218
173993738393790329
64346484850993823
144516127034077169
217096587101954
92733191135423628
116101138579729973
2298571063274850
58809736651136793
11564505670069170
54537308739918368
118046206152158175
84578141877082293
92417205468989258
456486381979875
159123691732709258
111916919758226954
56319558845763570
121483467638728139
160877057671831053
61279966582335000
32871598649231948
57756683113582920
1127049170935289
102775349634628983
69641294021898333
40240425122093993
178067894285982764
136428863835568668
214510776092739225
74466665717437350
163333546501073144
219418529373559544
64160184628990620
189328552212476894
9097844606694704
3967448277318828
64632747896303445
88310730729776670
55862901731677950
148393242469132350
26782674686167320
202506504509671008
190988819516498864
65834235937409145
82204314749547378
129920334431290073
82183080010677075
216181221637128000
195665443141312508
90685787079112053
28376929460259708
119954652449136075
28693841897431133
71068843984240608
20079569936178270
105163489961978768
91612398153500685
157991326777727628
55384434866159853
95090710133757195
1086235666768994
33685939002400718
10742065805235743
54110285941257329
163873520147405508
53261759865528720
83248712912493008
113239427745788070
168818828825689020
10396164402365633
88795604024006595
101926299779011935
21307917478196778
34241235810375060
40404380170481370
184872195040629783
129419668181174048
100819441778012475
61941285585479220
204767797330921095
11346469111778775
51529624423322928
46914448539384645
192802153779228023
118077990927869
44987222892510689
100963651793803800
138589975734041283
79486846735136775
7029646068214653
185194570501939050
219445576786158750
15832850895436064
230381367237254700
2729092411461003
2112582798742128
125877799255511433
23483784540327303
126658092766321770
76222283414184270
2195900008963935
54613739216321043
158568922705332345
55478312353186350
2782790950830989
21170763892212494
1333849936256579
13184736531652620
64970412762054068
10176085949744793
273208505433269
37788106642098345
2219663768027808
10214804056078454
161103293285072685
30382302397743450
12512603708896083
123075156210187725
2311399705082310
20976550599780839
2012308911960975
142242232988729258
74986900924449269
99953789520253875
152192685600645
131072694296076060
85759888059035685
232649267274068253
146806184555103903
153337314637689014
17860373244629745
27700065723683970
27595007204445978
31914908797821539
142899139698603900
1667692301844525
3249386685480614
4072530641156579
1367912881254858
2284955014223733
161826189514594619
7881711408911669
100567132352771819
99410178402153495
45049245459008318
158440005540316395
191538322187502164
54188172287824064
109056562536070995
12687960127036523
31860073586261295
227005492629948810
175659278903010329
218978293901252093
183549865639821435
164452110775991595
18232681323499560
73018213962894810
59883287178951045
2099052965832120
58174232050084803
13864114765653194
219989450141454383
132405646833924333
50598287572575344
6460019897310753
840127774858683
1412771492368019
622261337744700
14797473928726668
5995527323965448
2498471118861078
149969638646366819
606561381745973
52727664303326250
182390587833314
116339431021975095
147202448954919435
76384721457533594
160541403149090418
67817108032338539
49145643826284435
477260307176658
10258377647183468
174814783740904185
192507616062899775
42592635317615850
75463727731804598
155120097925010958
5907936327463833
1102514478831258
115312117189007733
12356045753117883
2026764184944678
27805625214008768
115161979330722633
156227631765032954
61735411036106145
43673601566621579
48473982318543719
130857850230440685
135447464178833625
110351912656718733
25462964025526053
5636883055240185
230543672465744258
55826050468137795
14823792664884228
69048920247317700
79360195929881318
136553758045397550
6133219852105203
83545610062354278
388785225704204
65070001671406214
4882952081626158
8603048220952829
34907365744883
33187472048328
39228957163237983
109134325150373264
40728542318775195
215677731758594
232638537161442060
13935460240333383
222969306700114875
10648532299826103
55856814542324808
191517650007846525
2628906253146225
60819888647603310
213422091330074478
100031805060208125
4923061067255625
89327868039131478
9536169382236329
123563518834905810
469055677391873
3510253694287308
14296472014669293
223281455159565098
101745174764046333
126865910610347895
2330292208217433
2470670931927918
2365691328324168
115916223506300775
79596604332739950
430168205988164
227244559287437550
27628134305428943
125646241666556639
224944194566938320
4041278457755819
41728096113484983
2157268660108470
143597644230691128
158302751561555895
2714451590082918
102332339872158408
24681257348962500
104941705516525094
35874546664149600
61329592197230400
38415685544446083
51705515849283528
6755196584706945
23683318198360883
141431603859379185
4201243139605064
35292596162882175
6014040343786139
10085218501052733
194569302214686195
1387747395146970
163425592965230145
6138076036148925
45445675409578293
225480742530569204
207162941937500295
135558168385245
6442941397764704
57918360563715795
33296772187916685
82036824934442685
128305090124074829
15430956392160375
90835217692608543
952337879810133
184134958112133743
7644705720464414
84243177844108943
132264399599630325
133307320838043870
112305180708712095
81260059182207753
52563320110823445
2069387308161720
206733457712268708
101850894473737514
729526537020764
32962829100831408
68809385360263185
35202332986472970
1406273571968325
202858275964437045
58089741749844900
190536644598768645
33131928206158683
13521317871454589
96442752414190095
37294113572457720
4201995005814870
6777806046553800
136347156013293323
75135022603019939
81451642514100753
31736799348724589
24522458816882520
69184317944789693
137296986794698829
17686174984974495
105421635014569664
153444365585231208
149993236086510543
47328529026527714
46404268432247369
66270604482416579
47126044527890793
116301018038766495
3023111962072320
2081687596935
215668549673689695
92837834870119094
263320035059925
6426649063627650
227917394840961248
39079802997958695
106732467270487673
99930739929418493
212123705609973378
79056098495938653
164253603956068383
66157947337549770
13399947844113293
3440990803765844
54826547512453695
9297946572087420
140983656950160045
3943652338118058
37516770845052753
1842162311848964
49034769158100293
179669925195759270
48892746320049435
19513798511940753
33539990545613850
31655558243753178
757712022152204
90707439148967669
146237612929370685
222502063203781844
185703853686888795
30729275637918
195794969305078608
218219337602374953
8436502975236603
86306047660960169
145446962256798944
216014163985890060
71410703570779545
4153934201451435
226271913539191079
50485804376853975
167205164695734923
85680816986772518
8117751076758045
2080096599664454
227372374477623543
90630063701174958
145653489062669714
92544018941429198
30032203862953545
92693323318543575
38041683766174353
62371536226642508
80258033939075685
5769753916546598
84370059175508204
159523499793419873
228187700143993668
127490194805465895
54602820962845020
157581873453203925
7811189930487120
112060469033020868
213322363840031220
180375101745127800
133182569681407493
22381623595841993
74195772846539400
208218564787920750
65170044717784383
12585953075866814
19849007195665425
141792519856170795
18277196526863043
8764618884257264
190600967405716395
126191720592359070
162784449944449560
105756767942627798
210441019044144120
22885405882384829
204451921101725339
11128212451731389
61773345237268833
118425801844565198
9787592075371170
16947159351067203
126428678717212395
87541509795790694
4748199898746678
229364569398875403
59203570556759850
25026063096977145
1320614866933920
2240112870778458
1246191913462275
84265512981985454
232686549998249775
84956436240464843
60634090107504383
150276540534071445
84663391692060
84227631105449478
11090261901458310
64135511873259918
653694930387464
70585128453080175
122129610851961593
3056477952297918
60502828420042589
1660470155162325
78883007266256018
4762132312242150
766356436038543
17673958101893208
25199403336011250
87447754780861233
49973607220061310
1180839853522125
194082764340184664
19951912855997043
127862170352739008
46476581350622358
1929785011222245
193326428089610685
48931102328906310
216990624531457803
87649632316834560
216131729495143995
171181642555751954
354618339406020
72334605518110964
71049914922264000
16236281755238310
47305985549212500
2278372431918543
116586433707528603
232594577836696019
416777285951328
24428335160714703
1870193619260519
112443202954903668
11022631064680053
5147549031252870
6426948459281178
56218324665716685
223029496868076998
22655918383462533
59333146201674464
245343962939208
168133057758364664
221125932537594435
95259809015128185
175787632878272418
217037134453250508
102332626624029383
126441500360898408
97031919874409103
132095622557246018
8614700248129094
19553655564001128
43932028857020100
39298951262174318
196800236895923925
35314304393115708
3584751360546839
80934121999211310
144383752421858520
10614422038388318
87913632814501739
134224886547373275
30811567922791920
61395355428550683
146663656975577714
155384015083261053
27743432217351914
33270528906499829
140996271469485068
2700505595467395
16127306359038225
92555275891635270
47667822343423875
171883188576033494
121385563527060
508433821991039
82666845680878833
186379740745451958
219228544321545698
58269850697692739
109772697486808668
2980645400412239
64906668481153668
2287394284205418
29057266967645258
3695963879422578
166938366466773810
53863116679480128
4185813165082620
97793895570598668
133960879499722560
179870675270753445
77621678818998795
4838393160002418
6492461915137560
44604279135995325
8273581296563928
54327648904278764
162294592310033633
2062993110047595
13805438776596483
209606703762183810
147345681448541219
15673999701116793
97622816784047145
137852696357857878
73189707622599228
58168357725978270
16235102644661579
125036170669422900
21038054674376220
99633983595421919
219199682296206164
77450446531117395
30538625527513935
103568338165332870
82848103614579183
24762659722366668
2819923831630620
23470957830662250
188420201397938508
51358802029018589
183871215330032670
8792244907325894
208058319550827720
158798075615044008
34186176438173550
119786704166466270
179821003528276793
16518938792498744
14613600659625
208858506917483618
98273316304877220
130168958092770569
220848644992731075
46798317819432914
54880783710316245
160033260902303579
44028362470494698
166810449635294864
1111344438942900
44865970223986428
112351135452651483
114148700216391003
44762435146578150
6993546621990719
110979931912408845
8916128689809543
6906468701214368
71999004874790070
36583733841643275
233169828819984453
5271859632204450
101699066368863045
26686628194814714
9195963777942494
68039298811806539
15449622532903293
109668135482752275
25993475516694918
212029058708072853
894388748966685
12612333001183118
219474914703004289
40720535711646378
18362640006947028
68342268133400744
76974335047149848
55402918750353333
273439801789470
131734091674665195
153398423659908
98017805719820958
136013328730139
42411163242213150
231595916496945014
28012449330199383
2852813346864008
63002945962063185
39395092083737358
27401593322738283
204781768861426883
31657712271768473
32692386061882508
365858243630550
293051133354825
8291878118273414
165368923323473633
1159724048250195
78654833122645514
33288185566402319
134832516342498675
50383519686669023
51550857446232453
129578173123295103
79792668929105069
172989609206192114
155383922054001704
42806650380793233
26786489667661514
231260895501240903
1287766199442060
61083865064723850
17404170125342478
192372890490089970
62050065524387550
209433829476900645
107294521536972329
103331808644902560
38234661499481628
197133672503128050
116338271585000864
91279669198292519
36466533049367850
308376494931003
57468998053995
173553087959155575
159639326197320704
1444254086898008
132731163715456800
90886254559651050
79754732861050125
113035754043401310
36061281491172378
4048613869230329
154081968058856733
145960395869106045
5709322730558745
48549461533816439
100717640429024250
8358161033111928
15720384314843
232169836214403150
18826152327917595
19338808411313069
15273308635898145
91098498126468558
67330749019978170
4344592587396089
141964625827683033
202793966994333543
175829710343576793
21017471582491395
15827808990656733
6835938560726954
2096890064680439
55986696063494294
3631262317042020
38230461007882943
216074554121780418
4622378327444058
72373135461568800
183051024782508068
55114843878091943
647254774801964
2631560970234795
10751277266606745
223085257911138375
1839039273685608
86531365311512954
133760964518318970
20937969724385700
29101272376341150
18574152197882370
3193012986998543
83492634153770348
3193713502192620
110920389304292939
39000224128314570
116858492975416320
202432940602738560
105552353973885435
102805938744472320
177530383630166685
49316092736652675
18717677271050954
92122896513070500
228924978914202828
5326625244879900
156930985755422295
95277065902809333
40079555724102045
5052448444865018
33586460819071953
83126127178466685
105859119467865060
1164224612310435
94402018757405219
2524468996269903
188123218175771669
36410632807337970
65509645793670
27569775837949079
42792419811868935
68327112719580033
3680859955290270
39551675747268750
10698612914289345
95370551943075810
164683658953968014
573173073015494
66474625472023275
175380005030685329
41183208480661875
4233619989704
30482288721468689
183303366348748308
24327280576541970
39400761018717450
161993024702015325
50671602864911103
147560980470136200
43496629511548619
225920052752581019
233319068384697003
32910771907466685
70845154491629958
40484527641665700
54989744329278045
48165064018769894
48489281246281953
220058623696976043
1863993280083494
4747163877989358
24191677817956133
260092659416685
16969952224575168
26215137332950578
12302876227148820
19468070060290200
35624174635725
74288346167714
74595941550814343
307947557892645
98389713004029419
94576564662913739
61911651001273008
231277028656685928
769241013461564
4390266883721445
6701212821649829
13879416707905185
111731685916262400
47541227245030185
163829226732994293
210891162304979219
58588580025481748
213158993413653119
154608644075366579
138590626964546625
5105272544985060
21357612483806883
4958586457233828
214338104727034695
69355871272598325
880716812389793
72345625753947300
9077207650857228
982458058171803
105451890700411133
4856394595980603
82550082813822060
136717891412418810
7783528973814368
5035246177217400
108058604729067945
58992670068037395
178817599622247525
129369869164055970
61454370727058414
26602479683006969
159078330035122470
64846815941350673
74664404992584239
113955914700089628
78226219731721095
134130275713590218
126677799008296425
227059313878779558
29617497796959708
173998698556733145
93907035155784383
182828494441098708
5505433582018095
102322285930072935
27649730589944204
6735939199714395
184247458810876139
37087055967270075
26146350443431575
223032185471593694
173423558455892418
151741896518944319
21613221531659070
69266020898329560
165196338771857948
210738682381669728
45480681817025243
2253467387281995
207867199106695919
208269794466352620
33673308852767433
28039765758096870
18582691328178345
86485357391919168
21073819609260698
98968936171665119
138600509671584753
639635006355989
52944806366370060
498340019281950
16633027344793185
27891663071834925
2596291738995453
115808417511195164
192857145391882620
28214684416650060
35351687556841118
29653693599853500
112943714862491370
74587262645415003
185178197134403669
85806434999103
232559335097670698
100223170882891908
61163724756745095
801331923102494
47961008616643158
130210983849033810
91790146640937060
63205282181411043
28354645548518310
122576200565558948
10511951552112645
135897017576565825
75591083614702095
133861536176448758
163596206140762668
20011668085223595
163338019319114853
36068169001030200
42145690179288228
95264951349224283
27345672161454383
184585764742369470
351574089338444
171499680944054204
64178595810182714
108353929651276758
70101651094449153
142672481439915783
80839333157849475
125020204120220370
109849487455457970
225120696680609744
1687699075093619
25531708646823753
18968374260104633
77515769706742170
143032418377091970
93569193620077560
181692422742841425
57854667413643075
122253402323678400
60983926573363425
609848899966878
114233783395617495
158418881362318598
6798521568711614
54702587264883525
3028055706052245
117103824831937353
55962648781935
47903095906628564
204081714043368810
4680805011575819
118716529689680048
210129948039022943
18708022393093500
44901676970512503
86748252980095508
13119765780984603
226906984007686125
34602191928053520
35479788779601473
41259376681448028
18220358688682829
18878836374961200
92209030142956769
134574544203701819
112303297148465895
148401734933045553
87476421070653120
2276720441715839
25416765285245894
17675243123072703
161778300914457045
163242629212208189
198101467358506544
113759051669237778
122854858738901745
66274543976800019
740629047962925
155381593067409153
147944127430172778
7235258968601403
141542351265121203
191499655963536704
329686233950864
209359728229320914
74822117438523119
1715032924261470
140790033371642850
184309222546727745
190080147935559183
110577910810749900
104042548967198850
152092646581845704
11189360811428370
137205836466903473
3607898175424739
184345537344992820
94745620172309204
119000740211160120
6933808383718668
26251692867715533
219505597913310435
47790392653777739
6313409205601200
13199042882168
69407679537920553
214433276084608875
1130790869617533
213221176047399420
50733010168516428
202576456269371348
20253824129093
86575273605790844
20206736837724173
53350002859219094
18910307171524560
83005053067158258
938007768817364
2890587159926595
34326588737572935
15876538866071283
73469865400628658
96359203229907375
180336841671810435
66209876904741153
30810459968033633
5751438633978
72928292517342689
42507469105000020
68705838599947560
94855550638934258
113962168738002858
980226379345233
23258808095435250
7118791161797189
6707154338713575
102515727799710225
11854331055664020
233181337927521389
232694854538668125
161511405346383795
33748454782572033
32661481852188450
33001747526764598
177010044787256018
196739424051753
1282378247397933
159199663563517514
188480002910828310
5390378116962944
33113816148643503
143323532939952239
123967792751710803
10856398103135403
5273985858853343
145829574843259244
25590483679427418
59105960984848425
155825270339776503
17468159066526119
212607601304754719
7527637857536043
50105744025283935
29230542107994269
77380020937708454
75540717049084889
81275109460260750
25764509938408020
15476068398783420
99524719381904853
211675473161735954
53784698596126125
81986265595856220
82213389819479633
32641689313534298
12518766358427819
76785517385853570
123912184892374350
174453319583786579
210930949778699925
166103155982423573
32128181077147169
1375648847777939
140675367616339883
6868507533481095
153369894120640169
40951534916408144
41333329404211373
219975846851479185
61795198303421318
27278140368909600
35068165780858650
17575748133291858
83302199334564539
222484600540350168
139874219708979383
158236935246892133
48758978253434670
181908427990548543
2359030782459543
13157549413194645
155873766188165883
95267957710968600
7804055157678810
48016610079252270
129008715997021889
200239452235019508
7748651610108045
10677983195429550
186144762256295400
1353979837801508
37770681065042954
129029237080016625
3169136764579950
34481038002317100
18204758884128183
568613196070125
13324659606756450
145506049725948378
8995921236817278
13427350057983344
208649819771310435
84720608572718625
29844922871776050
77358111131786595
143684682814778993
75090745932820278
198097323775243920
101700979613541450
55970746057951844
134333878504021350
149968931545526954
128680096593558
148790480506680375
53181957667706348
19888195079311428
13479739371980595
39070426025400644
181738950051315603
71429271196954148
11170655058838650
127973641840417833
226925006934202875
29861388412784070
132652351883263275
28206844913517303
159160396055138553
1778707273751853
32048444468054793
57473047128570
7801306860979320
53777254264216278
160053024007551794
29251031763247425
1196383369299314
16336466577959928
187617105473074575
31378790477896503
230815572970731435
94790023221826395
183710116264893945
11230038033239670
70315613287385400
165167972422059923
2857435391125353
80549005374064829
12130239890439045
195742614956175329
33842787845050500
7615567022751150
165482863092349560
163146381450602564
225901159628999414
39458071130362619
34242011546131133
156320025170961183
154019301925658625
17355409599194025
10154409846270720
80334875808648810
76832773800882764
20552439650903043
19796663782086225
12414127851132558
226009198884770258
4755334006338944
42281691112999095
839755067857293
48877942703782758
189280007682641808
158727043561545008
40905567187621170
6534288559039829
5109015408630153
128091575970510270
22329707057907033
195161364387823185
28473923989938923
203807633374595264
6059416755039570
187259000388029444
86114507979302628
10963040461020
40784051216905425
4511473843275644
10656090274271414
193037865109131903
24012497274794258
14880082981176060
62138131555775883
72307160472542220
54017541386315693
24962046903297248
128525846756690625
54025302107015418
142570542117615795
21841125914549253
25260939952421445
180977517636154343
29058501741841803
162551261539730819
36924820541007000
32871888035123478
132015819481557918
64710994773338669
11768621610721728
47027178292081373
3080385755512394
1459363321239098
20734669485376889
5066215524883800
15385682461906868
105358969564132050
165879175493422170
152497871161058670
76479217712806803
80402850394473075
180408103966845
21447538185815325
181499267932390508
7866868539318810
7481406820859069
31258998104987895
143375193701198628
89691304188143208
2629038617510178
219140995802812200
184969803088952145
5423387849886825
200215115272654170
206109131475519303
28851750505618133
15150400190846258
21042117546560745
17207867170041435
30173284018119858
205125548835095685
4536723696629369
13271475263007003
135318775839207075
71369537650072575
188907148956659550
92741335065286748
178465324943328
39609202181157968
176327568759997428
21644494005782318
15434336209820864
50833628226207678
284185296571995
176276474768160420
769033521306183
192768688296140793
110503945502119293
119810000132008214
170602279667169014
38234055516661770
3743845114298310
59449090842488103
126358411934085075
1511915918770185
142198795547072550
12037119688769220
58488357276132644
221560377696700994
87771530615906310
32695099887488310
2043029043079920
57695001327556935
1325841017766783
58243794802269810
118186262179483694
9846692709378539
569750642728200
13532572152060
158518772177540789
73959719431443345
155516801925413264
19207740197238900
141315112068456558
193919103759714008
163461815843570403
36796866052003575
93662699847941925
100735066096930185
33130471055825103
2297784655332900
13956534811611329
218916791014964
213427646987978925
20454788700866793
42773074196371920
101125674437670675
9877166027157858
40745511490608483
66531588479988333
4448435661863564
44334880088210418
198817545338479083
76576702038230954
73700976885129839
73493970307617645
82913889603168645
998629223790989
115047762598351919
198596933413560810
76495378242945704
191994684099223019
326168344432800
150003745814719833
197066098754581193
10641631124524064
25136674817247329
167935738655317829
54754354542844800
149048614906990169
969192021452093
134412972313008
14602669947214454
69979309299926403
205983308981924595
85075654375484969
221653411947961728
219244685474516793
22618915622017560
114642749774697078
128061146671466414
201479853985683
96516126901409703
2998239126809498
159333694554355203
80368674051707418
151824688213618575
121210743449847375
11812554112561973
80821053338443920
6552790833560178
84208544977095258
138738037851601728
5530026070784475
32948989205607045
3387286353896145
51675952027593300
55121466459846825
65591836861771133
15722102782561668
142879763778616800
132855964410466500
37039753108024883
172892598161864
394530561949545
44785798620435323
87843814433309250
7451733868183133
184735722476559435
170316090875250045
4413394110227993
148947832179280898
204973555989542648
2929117273903293
221842284812303310
16837289776123608
3131243723260185
116086810416664829
21336219842806935
133781473960923068
4856793359613975
112926428644594439
53826346617400950
180347641084721745
5352925954156935
80458642691189258
83858368251432060
6706731843341685
8235365460043050
89396066330687418
96594946095350295
860966898717569
55033216537419810
1366091043897645
19366871730492375
222890716548163935
27437885419131143
29779613407233528
9410881783837289
74140469192431668
2837686858387898
207054385974371579
104119921419010883
95199446808253620
23735254598140508
80233319077595789
122207007187385018
32082367430600039
54933143714902223
594386511145973
19018973587511070
91549765392860670
26287511270254908
161129377196097918
173615370178988123
216808849010029829
41239650966995745
40506428081876625
176460151244134770
11015167535606618
153619147098390344
29103514259003178
125885435868973395
78008424943723935
46130175984849623
109079441593960508
116979099228488508
6973881667500543
92664910431977639
208002559344854648
10184810622095928
3684088683453758
3494635205137008
176957596227895994
98252810994291975
7974735187702508
11457445866419
60498136113620895
57797619550992633
29041281145904670
6005892594410475
15863765302997628
96519094413374123
18185639056092914
197470121648732685
54166034325645
46711729211328720
79206672722766623
1333264495739253
241454868421823
166660286342759069
79229416716312225
1073564992514
1753163170506168
214052979836958120
184412065684077329
34052930252956898
31417415704584420
19324629265818783
16634430414140793
4801075246359753
230513366737125
96997055791904025
119129840501395020
200885379956316528
71764045382531418
151084638179120328
43965866231895543
175013272149196803
221651218990226103
48132090736654185
212543561208191093
9259574668740720
447221901112920
16009228272533325
41453832267644028
203964057920327028
69781333597990800
11548202534862108
56847413072886435
12005955279599775
343989527230350
77215388449923978
1225591978466295
24643746173356908
20137356294014778
23061333634862685
49806284487173475
143623692704577645
22874520491715494
61637573253723098
49583204027692878
12990635328729825
77089905844112733
106388610754841178
125892736297244775
176941141791447408
10485920881104435
34247214374352539
173303689890761820
48183789956516820
16065282521772239
139395157782906704
171432835312227483
179539635034422495
100347293096777475
146530284882464
85420055156173673
205653659677350
136107386608386435
91770602713427883
22704753009647703
201529500260839079
123985844537995943
1815331389936570
167253663563634383
20913682731223308
138931644690545928
216281836515106935
78218150245604370
69653374715851395
69655978714687560
206529980869