########## n=1
########## n=2
A -> B
########## n=3
A -> B
A -> C
########## n=4
A -> B
A -> C
A -> D
########## n=5
A -> B
A -> C
A -> D
A -> E
########## n=6
A -> B
A -> C
A -> D
A -> E
A -> F
########## n=7
A -> B
A -> C
A -> D
A -> E
A -> F
A -> G
########## n=8
A -> B
A -> C
A -> D
A -> E
A -> F
A -> G
A -> H
########## n=9
A -> B
A -> C
A -> D
A -> E
A -> F
A -> G
A -> H
A -> I
########## n=10
A -> B
A -> C
A -> D
A -> E
A -> F
A -> G
A -> H
A -> I
A -> J
########## n=11
A -> B
A -> C
A -> D
A -> E
A -> F
A -> G
A -> H
A -> I
A -> J
A -> K
########## n=12
A -> B
A -> C
A -> D
A -> E
A -> F
A -> G
A -> H
A -> I
A -> J
A -> K
A -> L
########## n=13
A -> B
A -> C
A -> D
A -> E
A -> F
A -> G
A -> H
A -> I
A -> J
A -> K
A -> L
A -> M
########## n=14
A -> B
A -> C
A -> D
A -> E
A -> F
A -> G
A -> H
A -> I
A -> J
A -> K
A -> L
A -> M
A -> N
########## n=15
A -> B
A -> C
A -> D
A -> E
A -> F
A -> G
A -> H
A -> I
A -> J
A -> K
A -> L
A -> M
A -> N
A -> O
########## n=16
A -> B
A -> C
A -> D
A -> E
A -> F
A -> G
A -> H
A -> I
A -> J
A -> K
A -> L
A -> M
A -> N
A -> O
A -> P
########## n=17
A -> B
A -> C
A -> D
A -> E
A -> F
A -> G
A -> H
A -> I
A -> J
A -> K
A -> L
A -> M
A -> N
A -> O
A -> P
A -> Q
########## n=18
A -> B
A -> C
A -> D
A -> E
A -> F
A -> G
A -> H
A -> I
A -> J
A -> K
A -> L
A -> M
A -> N
A -> O
A -> P
A -> Q
A -> R
########## n=19
A -> B
A -> C
A -> D
A -> E
A -> F
A -> G
A -> H
A -> I
A -> J
A -> K
A -> L
A -> M
A -> N
A -> O
A -> P
A -> Q
A -> R
A -> S
