894204
167253
89082
90386
73555
470563
793248
393477
396391
133246
409891
181800
481457
576280
893329
116979
922670
64843
526513
241350
969942
198153
572110
160041
691741
192530
331634
262779
330511
4395
672623
383595
179253
300263
398226
22443
232824
235101
123613
619186
489205
76089
776446
966722
401464
566618
659277
497241
635299
557165
649742
599580
675790
884889
19879
124010
928844
558132
795178
356053
878689
320339
117962
285692
465450
372073
93696
443028
200897
906694
399624
698495
521036
613178
785689
710580
140799
5179
587081
865950
978902
774997
373100
919655
767936
918420
71011
831991
858564
468959
716151
995277
360164
562262
415502
631279
324855
125895
666975
513365
