5000 4999
1 3654
2 405
4318 3
2116 4
5 3089
6 27
7 4765
1434 8
1531 9
10 2068
11 3666
3617 12
13 4582
628 14
4347 15
2347 16
17 848
1739 18
3775 19
2034 20
3926 21
22 4477
1138 23
1669 24
1880 25
26 1466
27 1623
28 1214
29 4240
30 2741
1050 31
32 1440
2546 33
34 2173
35 679
1667 36
37 1539
1196 38
891 39
3327 40
3543 41
42 715
43 868
44 881
45 3310
46 4108
3238 47
48 2226
916 49
50 796
51 3035
52 2052
253 53
2133 54
2207 55
3430 56
1640 57
58 957
59 1890
60 259
61 94
62 4604
3970 63
3574 64
65 1477
3187 66
1896 67
4215 68
69 3712
4495 70
4128 71
147 72
73 236
74 3788
75 2003
3457 76
2747 77
78 1003
79 4390
556 80
81 1649
82 2114
83 3969
3294 84
85 3706
1623 86
87 3681
88 2855
89 3536
297 90
2316 91
2118 92
1413 93
94 1206
4071 95
1696 96
2716 97
2208 98
99 1138
100 4567
101 2755
102 4719
103 497
104 1006
1444 105
106 951
2406 107
108 4847
109 687
3547 110
111 2862
699 112
113 275
114 1581
115 1127
647 116
117 3134
118 2754
119 2978
2078 120
121 3344
2937 122
2125 123
124 186
4993 125
3049 126
127 2344
4218 128
1243 129
147 130
131 1929
132 3624
133 4322
134 4236
3234 135
3267 136
4723 137
1867 138
2354 139
3907 140
141 2691
142 3527
143 2066
144 683
145 4806
4633 146
147 2231
1787 148
395 149
150 1472
151 3403
152 1086
153 4776
2350 154
2410 155
156 4169
157 3943
115 158
159 2101
2194 160
161 2020
2034 162
2763 163
164 3562
4149 165
166 633
167 64
4531 168
788 169
38 170
611 171
172 2750
173 816
1370 174
175 4746
176 3316
2438 177
178 1243
3430 179
372 180
181 2549
182 43
183 3427
4134 184
4976 185
3748 186
187 3383
4019 188
189 3375
3996 190
191 4374
792 192
3564 193
4123 194
195 1669
196 1238
197 3297
198 2917
199 96
200 2406
3648 201
202 823
203 4582
204 3980
1756 205
206 2510
207 5
208 1931
209 703
210 497
3430 211
2826 212
4225 213
699 214
215 787
216 3629
289 217
1992 218
219 1134
220 4968
221 3943
2150 222
223 2350
224 3267
3463 225
226 703
227 1037
3203 228
4541 229
631 230
231 4296
2067 232
233 1594
433 234
4500 235
236 921
1539 237
3907 238
3928 239
240 4716
1126 241
242 4892
243 2119
244 2859
3324 245
3907 246
3574 247
248 1083
249 3046
4071 250
251 1015
252 1275
253 3778
3573 254
2876 255
1103 256
257 2902
1470 258
3694 259
2425 260
261 2698
4770 262
263 3038
1053 264
265 4366
266 1615
267 647
3344 268
269 4508
270 1837
271 2231
272 680
273 4384
788 274
275 2425
3307 276
277 814
278 3561
279 2079
280 3104
3155 281
1231 282
4939 283
284 4731
3238 285
286 1113
287 3320
488 288
289 1990
290 982
291 4892
292 4409
4604 293
294 3793
295 4106
296 2417
297 4117
654 298
680 299
3609 300
2575 301
302 2376
781 303
2244 304
1022 305
2392 306
4914 307
308 654
309 754
310 4123
311 412
1456 312
313 1002
314 255
315 1388
316 862
4553 317
318 2835
294 319
320 3787
321 4002
663 322
3098 323
2855 324
628 325
2250 326
4785 327
1455 328
3592 329
2498 330
331 3582
2328 332
3547 333
621 334
335 3245
2071 336
337 1993
338 848
3043 339
340 1327
341 1952
342 4367
2314 343
344 4413
345 3156
444 346
482 347
990 348
4096 349
3065 350
4208 351
352 761
1422 353
354 3507
1771 355
3437 356
357 1262
2583 358
359 2114
360 1325
361 3852
362 392
2314 363
364 4851
365 2397
579 366
367 4609
4857 368
369 1942
370 3833
371 1494
2549 372
2944 373
2468 374
4927 375
376 4557
377 2628
378 4412
3883 379
3501 380
381 3456
382 1001
2540 383
384 3914
385 4016
386 2535
387 1272
3254 388
389 9
2626 390
391 2378
392 813
393 604
1737 394
395 4021
396 2956
397 1671
4746 398
3694 399
400 3805
401 3395
2479 402
403 3374
3688 404
405 3384
406 4918
462 407
1557 408
409 397
1086 410
4409 411
412 2747
1321 413
4068 414
415 419
416 1759
417 2721
418 120
2818 419
437 420
421 4680
2957 422
3290 423
783 424
2851 425
4107 426
427 1908
1853 428
3184 429
430 6
431 3638
3490 432
433 2332
434 1348
435 3364
2867 436
437 1509
438 221
439 3633
3725 440
441 2633
442 495
443 1931
2948 444
916 445
4367 446
3527 447
448 949
449 3003
450 4789
451 6
827 452
453 741
454 2004
2859 455
2507 456
457 3174
458 305
459 4633
1858 460
461 2249
462 3295
463 2395
464 4939
465 1289
466 38
2284 467
468 4924
579 469
470 2993
3051 471
472 946
3595 473
4772 474
3351 475
2992 476
477 1639
2079 478
479 3821
2600 480
270 481
4991 482
483 114
1680 484
485 1306
1276 486
2509 487
4366 488
489 4232
490 4390
4032 491
492 1406
493 2934
137 494
527 495
496 2779
497 2160
498 4714
499 4476
500 3619
501 3449
2847 502
2380 503
2266 504
505 1732
1039 506
507 1660
540 508
509 4884
510 4051
511 680
85 512
513 1737
2216 514
515 450
516 901
4916 517
518 3347
519 4960
4487 520
521 3134
522 3929
523 2498
3620 524
2474 525
4335 526
3888 527
528 2438
529 430
530 1242
531 1422
1734 532
2663 533
9 534
2 535
536 4084
537 1669
538 278
539 3326
1547 540
541 3205
2094 542
543 551
3579 544
4314 545
4675 546
547 4101
3624 548
2099 549
3671 550
1926 551
3184 552
553 1258
554 2331
3100 555
2323 556
557 1059
558 2911
559 725
560 2392
4415 561
562 2973
1645 563
3260 564
565 741
4830 566
2350 567
568 3862
1709 569
3663 570
571 1383
572 659
573 4744
574 3061
4731 575
576 2404
4092 577
578 1113
2995 579
1397 580
1288 581
582 4132
583 3143
1172 584
467 585
3775 586
2849 587
4673 588
2394 589
1198 590
591 2983
3928 592
1324 593
594 4149
107 595
1979 596
840 597
598 14
599 2993
3804 600
601 3171
4936 602
603 2242
604 1196
605 1447
2805 606
995 607
4524 608
4391 609
2179 610
611 2266
612 4581
613 184
1425 614
2527 615
616 2696
617 4938
618 628
619 3162
620 4032
3115 621
622 1757
623 4748
2026 624
3381 625
744 626
627 3862
628 367
629 3743
630 4533
3457 631
632 1282
3507 633
2174 634
2303 635
636 3382
2646 637
2762 638
639 2241
3399 640
1976 641
3996 642
1373 643
699 644
388 645
646 4241
647 3033
648 2695
649 2832
2119 650
651 2786
3217 652
653 2787
2584 654
4731 655
2544 656
657 2052
658 506
1851 659
4701 660
661 1176
1837 662
4435 663
664 312
665 488
4337 666
667 2323
2358 668
363 669
4538 670
671 161
672 3030
673 4021
2282 674
2668 675
4740 676
1091 677
678 3052
679 2726
2519 680
681 4236
682 999
683 3001
684 2052
685 2089
1999 686
4846 687
688 1624
689 3847
690 4349
691 3735
692 964
693 4390
694 962
695 4659
696 1963
2824 697
698 1874
166 699
2347 700
2776 701
892 702
3000 703
2257 704
705 3493
706 2804
3818 707
708 438
709 4073
710 262
4555 711
712 4816
713 2302
4028 714
715 2934
534 716
717 2533
3553 718
349 719
720 3184
721 1382
2503 722
723 3519
724 4338
725 1313
2030 726
3267 727
728 3714
4858 729
1666 730
731 753
732 3035
1324 733
734 4411
2519 735
535 736
3230 737
738 4082
739 3805
740 3213
741 2675
4322 742
2284 743
744 1258
3857 745
364 746
2241 747
748 802
1071 749
4765 750
751 123
3564 752
4776 753
2381 754
2005 755
756 3654
1570 757
646 758
759 2297
2245 760
761 2814
762 588
1239 763
1926 764
765 1463
766 4520
1335 767
768 724
769 1557
770 12
771 3144
1251 772
773 2085
1439 774
775 1471
776 4739
3234 777
3133 778
2 779
1393 780
781 2883
1724 782
444 783
1084 784
785 1001
4790 786
3493 787
788 4600
2628 789
2535 790
3929 791
792 4797
2389 793
794 3560
4607 795
1203 796
797 16
798 839
799 1656
4357 800
801 4256
802 1686
1164 803
4542 804
805 2902
3968 806
487 807
808 2274
771 809
2043 810
27 811
3520 812
2006 813
814 4740
815 764
816 1059
2395 817
818 1060
819 4936
4857 820
821 1237
1999 822
823 1399
4106 824
1198 825
826 4589
621 827
828 792
829 3621
830 956
4440 831
3733 832
3404 833
834 3347
835 3732
836 2005
2915 837
838 4738
839 1451
840 4524
841 4967
842 2113
843 3788
844 591
2279 845
1507 846
847 1320
848 163
849 702
850 4320
851 1941
3842 852
3960 853
4756 854
855 3874
856 4009
857 82
858 289
4794 859
4952 860
2638 861
862 3449
863 1101
864 2355
4939 865
866 323
867 4183
868 3754
2249 869
870 3590
871 1631
4517 872
873 879
1103 874
184 875
876 3843
877 624
878 3742
879 4155
1577 880
881 3712
2842 882
883 4576
884 2724
885 2812
1850 886
887 3031
888 621
889 2158
890 382
3940 891
1306 892
893 4111
1884 894
895 3383
896 4673
897 435
4753 898
996 899
900 4783
1504 901
902 4526
2533 903
904 2726
2630 905
906 3212
907 3934
297 908
164 909
910 4398
277 911
912 2600
913 994
2314 914
3839 915
91 916
3985 917
540 918
919 384
2826 920
2530 921
4130 922
2236 923
4680 924
1955 925
4169 926
4388 927
928 4226
3933 929
930 3617
931 2114
932 2825
933 4288
558 934
935 2195
936 3320
2716 937
4395 938
939 4178
940 1380
3139 941
942 2156
943 837
2378 944
945 4042
3978 946
947 1015
948 791
949 3932
337 950
4225 951
952 2991
953 14
954 2130
3912 955
956 3004
957 1466
958 379
2202 959
960 3389
2730 961
4728 962
4045 963
614 964
3754 965
3115 966
967 1998
4061 968
783 969
2159 970
971 3430
972 534
973 2306
974 1724
150 975
976 745
977 2913
978 1989
979 3547
980 4256
4895 981
419 982
983 4834
984 3793
4092 985
1059 986
987 990
1448 988
989 1899
2329 990
1609 991
992 3669
993 1378
1952 994
995 1034
996 4312
2583 997
998 4634
999 4305
1959 1000
1001 260
1002 4376
1063 1003
4569 1004
2938 1005
1006 4167
1007 2452
2116 1008
1009 1709
1010 1397
1981 1011
4443 1012
1013 1172
1014 2812
1015 2971
1016 2533
1017 366
1018 4802
1019 2870
1020 3446
1021 2216
1556 1022
61 1023
1024 1128
1025 4755
1853 1026
1027 1706
1028 3023
1029 923
653 1030
1031 1339
1032 1053
1033 3035
4049 1034
2395 1035
1791 1036
4077 1037
1616 1038
1504 1039
4622 1040
4233 1041
1502 1042
1043 1056
1044 1124
1045 827
2870 1046
1047 654
1048 1507
1049 763
3691 1050
1051 4415
1052 4808
1053 2211
4991 1054
2366 1055
2559 1056
1057 4016
3643 1058
1232 1059
4741 1060
1061 3224
2643 1062
3457 1063
1064 409
1065 1657
1383 1066
736 1067
3645 1068
1069 3438
1739 1070
1071 1977
1072 2006
1073 4657
1074 1370
1075 82
1076 903
1077 3695
3597 1078
1145 1079
1080 1557
4450 1081
2691 1082
936 1083
4776 1084
3868 1085
4835 1086
1087 257
898 1088
1089 576
3260 1090
4167 1091
1092 1210
4609 1093
2739 1094
2549 1095
1096 3381
2338 1097
1258 1098
1099 848
1100 1656
4321 1101
1102 1347
1103 2630
4001 1104
4713 1105
3459 1106
2236 1107
1108 3788
1109 3708
1110 1477
208 1111
2394 1112
1113 2732
1114 1789
2258 1115
1116 3409
2960 1117
4984 1118
1119 1456
759 1120
2582 1121
1122 1638
991 1123
888 1124
2135 1125
312 1126
1127 2062
2416 1128
725 1129
481 1130
1131 4318
1132 65
1133 1039
1179 1134
1135 4834
1136 155
236 1137
1577 1138
2416 1139
3608 1140
4723 1141
1142 2699
1143 1773
1399 1144
1145 1910
4453 1146
3175 1147
1148 1647
1149 2248
1150 444
346 1151
28 1152
1153 4701
1560 1154
1155 1817
4037 1156
535 1157
4169 1158
1159 2722
1160 367
2001 1161
515 1162
3036 1163
1164 2113
1165 2734
137 1166
923 1167
4899 1168
1175 1169
2978 1170
1171 1321
982 1172
4542 1173
259 1174
2917 1175
1176 1517
1177 4532
1682 1178
3666 1179
1180 2501
725 1181
1182 1036
1183 4508
1164 1184
1185 4068
1186 1626
1491 1187
1789 1188
1189 37
4503 1190
1191 1389
1192 2234
1193 4635
3818 1194
1195 2043
1196 1237
1983 1197
1989 1198
1199 3860
248 1200
1201 3649
1202 3160
3735 1203
2415 1204
4378 1205
3735 1206
1207 313
1208 1549
1209 537
4425 1210
1211 4070
1212 4927
1025 1213
1214 2133
3437 1215
1216 4435
2509 1217
4972 1218
1219 4754
2302 1220
1221 1856
4414 1222
2762 1223
1224 4885
1225 3437
1797 1226
1227 4061
1228 1382
1229 3200
4880 1230
1231 981
2721 1232
1147 1233
2719 1234
2338 1235
1236 1951
3924 1237
1238 4302
134 1239
1240 3690
3369 1241
2131 1242
983 1243
655 1244
4384 1245
4019 1246
1247 4487
1248 2796
2348 1249
4724 1250
2140 1251
1553 1252
1253 388
1254 2410
1255 1788
1256 4714
1257 2480
1258 1807
948 1259
1260 3177
1261 3593
1262 4573
1263 4818
1264 108
1265 1020
1266 4780
4436 1267
1268 4555
1814 1269
3862 1270
1129 1271
2568 1272
697 1273
2456 1274
2633 1275
1276 4410
1277 763
1278 914
1257 1279
1463 1280
1010 1281
1282 2355
1283 4444
1284 2218
337 1285
1286 261
3507 1287
1617 1288
949 1289
1498 1290
4225 1291
1623 1292
1293 3264
1942 1294
889 1295
385 1296
2110 1297
1491 1298
1299 3807
2938 1300
1301 4907
140 1302
3969 1303
2689 1304
3811 1305
481 1306
918 1307
2133 1308
1309 2625
1522 1310
2344 1311
1561 1312
1313 823
1314 1151
1315 300
1316 3422
4852 1317
3293 1318
1319 630
1320 2483
1663 1321
1374 1322
1323 2776
1682 1324
1325 843
2338 1326
1327 4863
824 1328
3892 1329
1330 1145
2675 1331
1332 2102
4753 1333
1769 1334
936 1335
1336 116
1337 2363
1338 2555
1339 2948
1340 834
1341 1177
3906 1342
1539 1343
1344 402
1345 1949
1346 2902
1347 2239
1348 795
2505 1349
3643 1350
1351 3265
1535 1352
4178 1353
3432 1354
4414 1355
1356 3751
1357 1449
1358 1844
3219 1359
1360 1978
1361 1547
1910 1362
1635 1363
2362 1364
2785 1365
1366 2562
1367 3648
1368 3840
98 1369
1370 3633
4167 1371
1383 1372
1373 4821
3624 1374
12 1375
807 1376
3382 1377
1112 1378
1379 3075
4720 1380
1381 950
588 1382
1383 1980
2595 1384
1385 2956
2867 1386
1387 1425
1388 605
2438 1389
1390 2274
1391 1644
1392 4197
1393 124
122 1394
1757 1395
286 1396
1397 3923
4524 1398
1448 1399
1400 3341
1401 4003
4001 1402
1403 1498
1404 1518
122 1405
1406 1831
1407 1222
1988 1408
4511 1409
1410 540
2234 1411
3097 1412
3481 1413
1414 4827
1415 2721
1416 4553
1417 4202
3325 1418
4419 1419
1420 3606
3766 1421
3821 1422
1423 1037
4701 1424
1425 4450
1426 965
2001 1427
1428 714
737 1429
2971 1430
1173 1431
1432 1327
1433 2021
2109 1434
349 1435
1267 1436
4083 1437
3628 1438
1603 1439
1440 4419
1441 1927
1442 1821
1443 3776
811 1444
1445 500
1446 1965
1447 1251
2134 1448
1449 1273
4839 1450
1451 4892
233 1452
4885 1453
1072 1454
1455 2631
1456 1187
1996 1457
1596 1458
1459 3218
1460 770
1461 3351
1462 1303
3923 1463
4429 1464
1465 4089
1466 2411
1467 4267
4183 1468
2730 1469
1470 792
1471 243
1472 4159
1473 2221
1474 1511
1475 433
325 1476
1542 1477
1263 1478
702 1479
1480 2568
1481 3171
1482 2194
326 1483
2160 1484
997 1485
1486 3523
1487 3691
1477 1488
1489 1493
325 1490
2630 1491
1492 1598
4126 1493
3384 1494
1495 2980
1496 4165
1497 3098
1498 1237
3731 1499
1500 4716
1501 2828
1502 85
1503 4827
1504 2020
93 1505
1506 3237
1507 2663
1508 178
2475 1509
1510 1585
2075 1511
1512 2964
3048 1513
1514 4444
1515 4790
4977 1516
4485 1517
1518 1476
1664 1519
1520 3706
3814 1521
1904 1522
2568 1523
3263 1524
1525 1739
2933 1526
1928 1527
1528 1575
1529 2959
1530 3245
1531 3354
1532 2832
1533 2845
3564 1534
2382 1535
1536 4920
1232 1537
1538 466
1539 2301
3970 1540
1541 4436
4961 1542
1543 952
1544 2741
1545 1118
3240 1546
2527 1547
92 1548
4328 1549
3817 1550
1551 3516
697 1552
1553 1440
1228 1554
1555 2358
816 1556
1557 1097
515 1558
1559 2755
1240 1560
1561 2068
1562 4104
1563 1441
1564 4345
671 1565
3874 1566
1757 1567
1568 4082
4576 1569
3818 1570
4307 1571
1572 302
1573 4539
2843 1574
1522 1575
4557 1576
1577 4386
1578 1988
1579 3618
137 1580
1581 1378
1582 1570
1583 1653
1584 2566
4931 1585
1586 1196
3793 1587
1588 3036
208 1589
1590 3350
4540 1591
208 1592
1593 1791
1594 4134
4262 1595
1596 2068
492 1597
1598 3485
2131 1599
3833 1600
3082 1601
2964 1602
1603 4567
1604 3696
3383 1605
1535 1606
2549 1607
995 1608
1817 1609
4723 1610
1611 1806
1612 114
1613 457
1614 3337
3748 1615
3075 1616
1617 3904
1618 1256
3375 1619
1620 2993
1621 4621
1022 1622
4916 1623
4104 1624
1625 3597
1626 4180
2066 1627
4801 1628
1629 4159
3768 1630
1631 519
1632 3604
2835 1633
3061 1634
1635 145
1636 4233
3155 1637
3868 1638
4967 1639
1640 3485
3558 1641
1642 4132
332 1643
1644 3481
1645 240
1646 2467
215 1647
1648 2805
1649 4101
2959 1650
1651 659
1652 4286
1653 1858
478 1654
2116 1655
1504 1656
2101 1657
4511 1658
1659 3694
4849 1660
1661 3851
3001 1662
4970 1663
1664 2241
1892 1665
3650 1666
1667 1850
1668 1787
3438 1669
1670 3712
1671 3177
2071 1672
1673 4688
1913 1674
1675 4838
1676 1431
1677 4724
1620 1678
1679 1125
1680 325
1681 4660
3300 1682
1495 1683
3711 1684
1685 1653
1686 3265
1687 3223
4396 1688
1689 4092
1690 2564
1691 3237
1692 96
761 1693
686 1694
1057 1695
1696 3323
1697 251
4742 1698
1699 2205
326 1700
2955 1701
2085 1702
366 1703
1704 4619
1494 1705
4600 1706
1817 1707
462 1708
1709 1756
2389 1710
1711 1516
3103 1712
4881 1713
1714 2007
1983 1715
3649 1716
1793 1717
1718 4655
1719 999
1494 1720
1721 57
1722 4425
2583 1723
1724 3052
3174 1725
1726 4802
1727 990
1728 1542
1729 3107
4830 1730
1731 4589
2690 1732
1733 4052
4615 1734
1735 2924
1736 2113
1737 4742
134 1738
3293 1739
1740 3914
1741 2007
1742 921
1743 1552
1744 957
1745 4573
2551 1746
44 1747
1748 3466
1749 2402
4219 1750
2130 1751
1752 2089
1753 1896
1754 1248
2349 1755
1756 3217
116 1757
1758 837
2102 1759
183 1760
1761 1810
1669 1762
2560 1763
1008 1764
1765 2257
4322 1766
1767 633
1768 3382
1769 1303
1770 2644
1771 140
1772 1823
1773 3553
1563 1774
3043 1775
1776 4907
1777 4492
3573 1778
1779 1047
1780 634
1781 3485
1782 3056
1350 1783
1784 4973
1785 1461
1786 2790
4103 1787
4993 1788
1789 4976
1790 4964
1320 1791
1792 4941
4607 1793
2877 1794
6 1795
1796 1085
1797 4255
1798 4217
647 1799
1800 3517
1461 1801
3087 1802
4881 1803
1804 4700
1805 3337
241 1806
1807 977
1808 4682
594 1809
1810 150
1811 2637
624 1812
1226 1813
2716 1814
1815 1425
4128 1816
1817 2983
1818 388
1039 1819
1820 2663
1276 1821
4918 1822
1823 2501
1824 4794
1825 1596
1289 1826
1827 2239
4036 1828
484 1829
1422 1830
2965 1831
142 1832
2931 1833
1405 1834
1835 4257
1836 962
1837 4168
939 1838
1839 385
1840 2264
3702 1841
3511 1842
282 1843
1844 3724
3897 1845
1846 2696
1657 1847
1848 1645
500 1849
3224 1850
1851 558
4416 1852
1853 4532
2779 1854
1855 1459
372 1856
1857 3931
1858 4025
16 1859
2460 1860
3372 1861
1862 3706
1863 2697
3516 1864
1865 2628
996 1866
1867 2454
1868 646
1869 763
2004 1870
3376 1871
1872 2085
1547 1873
1874 4716
4838 1875
2935 1876
1877 3175
1878 4682
1879 1370
1880 3134
1291 1881
1470 1882
1883 4581
3579 1884
4233 1885
1886 1084
3219 1887
1888 2277
1889 1393
1890 4507
4309 1891
1892 1306
1893 2933
1894 2102
1895 482
1896 2302
2242 1897
1898 1126
2349 1899
1900 670
1901 5
2158 1902
2331 1903
975 1904
1905 4569
3988 1906
2775 1907
1908 2021
2623 1909
403 1910
1911 4991
4319 1912
1335 1913
3724 1914
3280 1915
879 1916
813 1917
4450 1918
1919 4673
1891 1920
1921 2208
3205 1922
1129 1923
4573 1924
1925 2173
192 1926
1927 3932
4420 1928
286 1929
1930 2936
1931 4236
1932 2586
1933 2966
1934 1993
2195 1935
1936 4032
1937 3901
1938 561
1939 1976
4764 1940
3438 1941
1942 3055
3115 1943
2340 1944
1945 4255
2876 1946
4219 1947
2366 1948
1949 791
1950 3592
1951 1570
2231 1952
128 1953
2006 1954
1955 123
2258 1956
3711 1957
2675 1958
1959 663
4714 1960
1961 3702
3942 1962
2915 1963
1964 3239
2245 1965
1966 1811
3111 1967
1199 1968
1969 1988
697 1970
1971 990
248 1972
1973 1232
150 1974
2410 1975
824 1976
918 1977
4578 1978
1979 2492
1746 1980
3519 1981
1982 2629
1983 4146
1267 1984
1985 3466
2546 1986
2988 1987
1276 1988
1989 3226
1317 1990
2234 1991
1992 2142
1993 1552
1994 1317
3389 1995
4515 1996
1997 4770
1206 1998
1999 4353
2000 515
2001 142
2002 2781
2003 4389
2004 3671
3879 2005
941 2006
1267 2007
1406 2008
4589 2009
2010 3027
2011 3783
2012 2960
3863 2013
4070 2014
2015 4318
2016 4582
2017 1624
2156 2018
170 2019
3077 2020
2021 1557
1561 2022
2023 3093
814 2024
2004 2025
2026 437
2027 1810
2028 4951
2029 161
2030 92
1757 2031
2032 3754
2033 4669
4526 2034
2790 2035
2036 4337
2037 3325
2038 3133
2039 1939
2442 2040
2041 166
2042 4776
2043 660
2044 1069
965 2045
879 2046
2047 634
2048 2192
478 2049
2050 2099
2051 443
1988 2052
3460 2053
2054 3238
1735 2055
408 2056
916 2057
2058 3939
2059 1314
2366 2060
2061 488
2062 2325
1256 2063
2064 4169
4938 2065
2066 1161
3089 2067
1059 2068
4977 2069
4906 2070
2071 3899
3793 2072
2073 4567
2074 3904
2380 2075
2076 4479
948 2077
3942 2078
2311 2079
2080 161
1742 2081
2082 2820
2083 2747
3988 2084
2085 4432
2086 4477
2087 3900
1434 2088
2089 2389
2090 3832
2309 2091
826 2092
2093 1301
2094 551
2095 226
630 2096
2097 651
1029 2098
3174 2099
2100 1257
2101 2308
2102 1785
3548 2103
2104 481
2105 1097
4713 2106
4980 2107
2108 411
2109 3388
243 2110
3903 2111
2112 364
2113 3949
1579 2114
3547 2115
1666 2116
2117 248
2118 4828
2119 4487
2120 4090
3695 2121
611 2122
2123 281
2124 2301
2125 4754
3276 2126
3082 2127
621 2128
1594 2129
2130 3527
2131 255
2174 2132
2133 1371
2134 982
4271 2135
3811 2136
1069 2137
2951 2138
407 2139
2140 1851
2141 2155
3806 2142
4396 2143
2144 4400
2145 2099
2131 2146
922 2147
4525 2148
4327 2149
2150 4740
2417 2151
4896 2152
4440 2153
1448 2154
164 2155
4117 2156
180 2157
3038 2158
1091 2159
2937 2160
683 2161
2162 3033
2163 2995
301 2164
2165 3696
2944 2166
241 2167
2168 346
2973 2169
3120 2170
2171 4148
4013 2172
2173 627
1940 2174
4103 2175
2176 2119
3840 2177
2178 956
2179 3323
2180 2486
4143 2181
2182 4559
2183 4951
4028 2184
2843 2185
2186 2245
313 2187
2188 1788
1959 2189
2392 2190
2191 1118
1239 2192
2211 2193
2194 1783
251 2195
1581 2196
3931 2197
4002 2198
2199 4967
2200 4269
3821 2201
2202 917
2203 943
4244 2204
2205 2018
2206 59
3983 2207
2208 4296
3093 2209
2210 3711
2211 3516
3817 2212
2213 205
2584 2214
2215 1939
4968 2216
2217 1280
4849 2218
2219 941
2220 3260
2221 1369
3689 2222
2223 2325
2224 4572
3354 2225
2226 2726
2227 2486
2228 2739
759 2229
680 2230
2231 2867
321 2232
3136 2233
2234 2679
1089 2235
2236 3988
2127 2237
2238 3227
2239 4834
2240 579
2223 2241
1771 2242
4828 2243
1498 2244
233 2245
2246 4208
2247 463
1434 2248
2249 3295
36 2250
2785 2251
3743 2252
4089 2253
4395 2254
1388 2255
2256 1128
2257 2527
2924 2258
4563 2259
600 2260
943 2261
868 2262
3292 2263
2264 4028
2265 4711
3768 2266
2509 2267
4719 2268
2460 2269
2270 4494
2348 2271
2272 1952
2273 3914
1542 2274
3949 2275
2276 2760
1379 2277
2278 346
2279 3743
4544 2280
2281 4797
2282 4914
2283 2560
4707 2284
2285 4852
2286 2245
2845 2287
1299 2288
1206 2289
2290 754
2291 2238
2386 2292
2293 16
2294 3381
2295 4254
2415 2296
2297 4202
3144 2298
2299 965
1902 2300
3119 2301
2348 2302
2303 909
1533 2304
2305 4677
2306 4609
555 2307
3218 2308
270 2309
3943 2310
2825 2311
2312 1251
236 2313
983 2314
2315 3056
2316 1222
2317 2454
2318 537
2690 2319
2320 3226
1783 2321
2322 2122
2020 2323
2324 3518
2325 4635
2326 3469
4257 2327
2328 1567
3733 2329
3709 2330
4056 2331
2332 3036
1068 2333
1325 2334
2335 4680
2336 4682
2337 4792
2338 4390
2339 519
3584 2340
2125 2341
1828 2342
2343 4216
2344 3187
725 2345
3477 2346
2566 2347
2348 4391
2349 4143
4378 2350
2351 1077
2352 2724
4146 2353
277 2354
818 2355
2356 2308
1128 2357
1726 2358
2359 4211
4972 2360
2361 4009
2344 2362
2363 4736
2364 1456
2341 2365
2389 2366
2367 2988
4816 2368
2369 2346
2370 2318
845 2371
4828 2372
2373 2841
2374 1349
2375 2495
3042 2376
1696 2377
2378 4671
2379 2405
1280 2380
1533 2381
3537 2382
2383 3726
2384 2551
2385 105
2680 2386
1436 2387
4024 2388
4657 2389
2390 1615
3043 2391
2804 2392
2393 655
4439 2394
4077 2395
1494 2396
2127 2397
4827 2398
4126 2399
2400 2158
1449 2401
2402 321
2403 1561
2404 3206
2787 2405
2406 2199
2407 964
714 2408
2409 3427
2410 2867
4790 2411
834 2412
2413 2547
2414 1238
2415 655
2416 604
4972 2417
2418 2628
2446 2419
2420 784
2957 2421
2422 744
2423 983
2942 2424
2425 1804
1955 2426
2872 2427
1328 2428
2429 1645
4520 2430
2244 2431
3847 2432
2675 2433
2434 1339
2237 2435
2978 2436
3778 2437
2438 3817
2439 2893
2440 3573
3592 2441
2339 2442
2443 3320
2444 2192
3706 2445
4700 2446
2447 1850
2448 4814
4444 2449
2450 2365
4328 2451
888 2452
2453 4783
2378 2454
2455 2109
1726 2456
2457 4021
787 2458
2459 4388
736 2460
715 2461
3481 2462
4645 2463
2464 2707
2465 1842
2466 4085
2025 2467
2468 3516
2078 2469
1949 2470
1540 2471
2472 4528
2473 4721
2474 3868
4257 2475
2066 2476
805 2477
2478 1831
2479 1598
2480 2702
4927 2481
1428 2482
2483 1874
4619 2484
4715 2485
2877 2486
2487 2918
2488 439
2489 343
2490 3518
4980 2491
4149 2492
3903 2493
2494 67
265 2495
2496 1892
2079 2497
3805 2498
1806 2499
2500 3511
2814 2501
2502 2965
4772 2503
2504 3146
2505 2142
4101 2506
2841 2507
2508 994
2509 2472
3065 2510
4309 2511
2512 4084
2513 4797
2246 2514
4968 2515
3518 2516
3822 2517
2518 3531
2199 2519
2043 2520
2699 2521
4357 2522
2785 2523
2524 879
2525 4202
2526 2600
7 2527
3806 2528
2529 3613
2530 1309
4025 2531
2532 3162
2533 2277
2534 59
3446 2535
1696 2536
2537 2896
2538 1939
2539 4376
2540 4726
2541 4774
4085 2542
614 2543
407 2544
4938 2545
2546 2934
65 2547
2018 2548
1418 2549
2550 2633
2551 4881
2222 2552
1990 2553
4271 2554
2555 630
2556 2951
2557 3091
2558 4436
2422 2559
3944 2560
2561 1369
2562 2211
1397 2563
2564 4183
4541 2565
3046 2566
3812 2567
2568 1821
2569 3239
2174 2570
3266 2571
2572 1233
4284 2573
1502 2574
2358 2575
2576 2017
2794 2577
2578 3493
55 2579
2580 4606
2014 2581
2582 1941
2899 2583
3638 2584
2585 590
2586 2289
2587 4881
2588 3203
3936 2589
2590 390
1053 2591
2592 2695
2593 4457
2594 3709
449 2595
1853 2596
2597 2324
4366 2598
3148 2599
261 2600
2207 2601
2602 4374
2603 3099
2604 922
2519 2605
105 2606
4284 2607
3458 2608
2609 1016
2610 3848
2611 4312
2896 2612
259 2613
2614 1785
2638 2615
2616 1405
3395 2617
2618 1532
2619 2575
2620 630
2621 1951
4320 2622
4444 2623
2624 2490
2348 2625
4259 2626
2643 2627
2628 2885
771 2629
2630 1349
2631 1927
397 2632
2633 3973
737 2634
2635 2833
2636 845
2637 3261
2638 3245
2639 1738
2246 2640
2641 3378
2820 2642
2637 2643
2644 372
2645 3609
2646 616
3602 2647
2648 3650
2133 2649
2650 1990
2651 4608
2652 2134
2653 4757
2654 4095
1161 2655
2656 2021
2842 2657
2658 2546
2804 2659
261 2660
2661 397
1942 2662
2663 4386
2664 3629
4787 2665
2666 4742
726 2667
2668 2416
2669 576
2670 1561
2671 4673
1328 2672
2842 2673
2674 1117
2675 2118
2676 145
2677 807
2678 2274
2679 2030
2680 4986
2681 2726
2902 2682
2683 3048
2684 1388
3964 2685
2686 2621
1167 2687
2688 4499
2632 2689
1010 2690
2834 2691
2692 2707
2693 4852
92 2694
4597 2695
2696 4511
2697 3128
2698 4050
3383 2699
2700 4530
2621 2701
1219 2702
2703 3127
2704 1362
2468 2705
2706 3205
2306 2707
2708 3954
3817 2709
2710 1940
4024 2711
2712 3783
2713 4863
2714 4093
2715 3803
2716 2893
2896 2717
2718 3326
4757 2719
114 2720
2721 4739
3934 2722
2723 323
4190 2724
2725 3395
2726 146
3093 2727
2728 372
2729 2022
2730 714
2731 21
2732 4013
2733 4941
2734 4409
2735 3067
2736 1993
2737 4839
4095 2738
2739 1896
2340 2740
2741 647
2742 1686
1823 2743
1732 2744
2745 2862
4589 2746
2747 4409
3986 2748
3714 2749
2229 2750
385 2751
2752 3027
2779 2753
1902 2754
7 2755
1262 2756
2692 2757
2446 2758
2759 1104
2760 2925
2761 227
2762 4846
2763 4827
143 2764
2765 4216
2766 4946
2372 2767
2768 1980
2769 4374
1667 2770
2349 2771
2772 3996
2773 724
4389 2774
2775 4203
2776 196
2777 2014
2778 2311
1347 2779
2780 506
3048 2781
4543 2782
2783 1671
2784 2991
2785 4074
55 2786
3065 2787
3226 2788
2018 2789
3477 2790
4241 2791
2792 467
2793 388
2794 506
3823 2795
2796 207
2316 2797
2798 1428
1682 2799
2800 917
2801 3903
2802 1320
2803 818
2804 1617
1913 2805
3149 2806
600 2807
2808 3087
4374 2809
2810 1563
262 2811
2812 4765
1020 2813
2814 1193
4328 2815
2816 3310
2817 2113
4983 2818
2819 4477
3280 2820
2821 3069
2822 3412
4789 2823
1314 2824
2825 3160
2826 1916
2827 655
2828 1750
2829 771
2830 3098
2164 2831
1692 2832
2833 4286
2834 923
3042 2835
2836 761
2983 2837
2838 3544
3519 2839
2840 2314
4959 2841
2842 692
3928 2843
2844 881
2845 1020
2846 1681
2847 4083
2306 2848
275 2849
2850 4585
2362 2851
2852 3203
324 2853
2854 4754
2918 2855
4314 2856
2857 192
2858 349
3142 2859
3223 2860
3449 2861
2862 540
182 2863
2864 278
2865 4477
1708 2866
2867 3097
2868 1327
576 2869
2870 3485
2871 4061
958 2872
2873 2613
3836 2874
2875 1010
2876 2547
3768 2877
2878 1221
3582 2879
2880 634
2022 2881
2882 2800
2883 3162
981 2884
2885 4746
2886 2637
2246 2887
1016 2888
2160 2889
4544 2890
4299 2891
2892 2479
1234 2893
2894 1388
2895 3223
4168 2896
2897 1428
2898 1282
2899 1289
1904 2900
3818 2901
2902 3691
3206 2903
2904 4167
4828 2905
2906 4492
898 2907
3324 2908
2909 452
2910 2965
1626 2911
1448 2912
280 2913
2914 3604
385 2915
2916 1113
2498 2917
2918 753
2919 814
96 2920
3812 2921
2922 3553
2923 3155
2924 1129
901 2925
3419 2926
2927 4111
3666 2928
3055 2929
4941 2930
3996 2931
867 2932
2355 2933
2934 4736
2935 1682
2566 2936
64 2937
558 2938
2939 3711
1811 2940
2941 4245
2942 505
2943 4808
2632 2944
4245 2945
1719 2946
2947 4081
1447 2948
4429 2949
4665 2950
1949 2951
2173 2952
437 2953
466 2954
2955 2594
1771 2956
2957 1971
2958 3459
1596 2959
2960 679
2961 4126
2942 2962
2963 289
3960 2964
2965 392
2966 2741
2967 898
2968 4501
2969 2363
2658 2970
2971 831
792 2972
2973 527
4393 2974
1299 2975
2976 1472
2977 3276
2978 1657
4101 2979
2980 1360
2981 4848
1844 2982
576 2983
2320 2984
519 2985
2986 4635
1609 2987
2988 2764
2989 957
4864 2990
3695 2991
1926 2992
4714 2993
2501 2994
1282 2995
2996 2078
2997 1091
2998 2647
2999 3330
3000 2244
3001 1748
3861 3002
4770 3003
3004 4099
3005 4281
1522 3006
3038 3007
3008 2452
3009 4604
3010 4281
3011 3404
248 3012
2310 3013
3014 2339
2853 3015
3016 3564
2918 3017
3018 2538
4128 3019
3020 1112
4098 3021
1459 3022
3023 3100
3906 3024
3025 452
3026 764
3983 3027
3028 3350
3494 3029
3030 3254
702 3031
590 3032
3237 3033
3034 2512
2715 3035
4085 3036
3037 2594
3038 1980
4148 3039
3833 3040
3041 3498
952 3042
1412 3043
3044 1535
3045 4754
3046 2703
4634 3047
481 3048
3049 2053
3050 3527
3051 3511
3052 2861
57 3053
3580 3054
3055 776
1549 3056
3057 3862
4107 3058
3059 3931
3260 3060
3103 3061
3295 3062
3063 3671
3469 3064
4143 3065
3066 4906
3067 1455
4219 3068
3968 3069
3070 779
3071 3934
1127 3072
3073 443
4215 3074
3075 2671
3076 1937
4309 3077
3078 4419
3924 3079
2347 3080
2995 3081
724 3082
4756 3083
3084 675
1607 3085
3086 2222
4387 3087
3088 321
4095 3089
2535 3090
3091 3295
3218 3092
3093 1598
3094 2676
4515 3095
3096 1594
3417 3097
3098 1052
3098 3099
3100 1597
3101 4387
3102 1036
3103 2413
3104 4532
3105 951
3106 2468
3107 4864
813 3108
3109 2079
488 3110
3111 337
4907 3112
4532 3113
3114 3077
3115 2258
1518 3116
3117 4149
3118 1518
3119 677
3120 4258
3121 3230
3160 3122
3123 2325
9 3124
3125 302
3126 281
4269 3127
3128 464
2308 3129
3344 3130
3131 1881
1896 3132
3133 1461
3134 4622
4084 3135
3139 3136
3538 3137
3904 3138
3139 2671
3140 3526
1089 3141
3142 2899
3143 826
3144 4247
105 3145
996 3146
3344 3147
3148 1489
3412 3149
2535 3150
3151 4256
3152 922
2507 3153
3154 2993
1660 3155
4216 3156
3157 3620
3158 2394
3159 2789
116 3160
3183 3161
2094 3162
2085 3163
3164 889
4936 3165
3166 4473
3167 2790
4347 3168
3169 1563
3170 4019
3171 2841
3592 3172
395 3173
3174 4110
3175 3998
3176 3594
4499 3177
3178 4582
3179 2490
3180 3934
3181 3788
3182 4386
1112 3183
3184 624
3185 2205
3135 3186
282 3187
3188 1890
3189 1958
3190 3354
3191 1615
1811 3192
4843 3193
2257 3194
368 3195
3196 1064
4984 3197
2239 3198
1047 3199
2075 3200
3201 1596
466 3202
3203 3477
37 3204
2329 3205
3183 3206
3207 1902
3208 1009
3209 3422
3210 408
3211 241
4476 3212
382 3213
3214 4036
2475 3215
2053 3216
3217 4907
3120 3218
1502 3219
18 3220
4918 3221
4286 3222
4753 3223
3224 4894
3225 4528
3854 3226
3227 2921
1076 3228
3229 614
3143 3230
4345 3231
2832 3232
1536 3233
1677 3234
3235 2754
3236 4711
824 3237
3238 1804
251 3239
3240 134
4847 3241
3242 1899
4180 3243
3244 4099
3245 1498
837 3246
3247 441
3879 3248
3249 2854
3250 4678
3388 3251
3252 2315
3253 4027
1418 3254
4559 3255
1737 3256
3257 131
3883 3258
802 3259
677 3260
3649 3261
643 3262
3263 1738
3671 3264
3171 3265
338 3266
3267 2316
2152 3268
660 3269
2760 3270
3271 1813
534 3272
3565 3273
4581 3274
1348 3275
4122 3276
3277 2503
1532 3278
3279 4951
3280 4401
3281 4719
3282 4830
3283 114
3284 971
2756 3285
3666 3286
3287 2671
3288 2668
3289 999
3290 184
3291 1615
3399 3292
3293 1959
3294 364
3104 3295
2411 3296
3297 150
3298 2668
3299 3590
1532 3300
3301 1362
2315 3302
2017 3303
3304 3651
3305 376
3306 256
3395 3307
147 3308
3309 1745
3310 3872
2223 3311
253 3312
4720 3313
3314 4122
3709 3315
3857 3316
3317 300
4500 3318
2973 3319
3320 1072
3321 368
3322 3103
3323 243
824 3324
3325 3986
3338 3326
3327 1793
7 3328
981 3329
3330 1851
3747 3331
3332 1804
3333 763
3283 3334
3335 4400
3336 227
3337 349
3338 1127
4096 3339
3340 2692
3341 1516
3342 515
3986 3343
2339 3344
3345 807
1447 3346
2354 3347
3348 2266
4327 3349
1166 3350
625 3351
3352 2179
2689 3353
3354 1612
4308 3355
1553 3356
3594 3357
3474 3358
889 3359
3360 423
1086 3361
45 3362
2594 3363
1409 3364
3365 364
3366 1738
3367 1176
3368 3911
1792 3369
2473 3370
3371 1112
3372 3861
636 3373
4864 3374
3375 3504
3376 91
3377 4328
323 3378
3379 1951
4858 3380
2380 3381
2331 3382
3383 2613
3384 2749
3385 280
1462 3386
410 3387
1349 3388
3261 3389
3325 3390
3391 2038
3392 1283
3393 2157
3394 4774
4284 3395
1734 3396
1198 3397
3398 1103
231 3399
3400 3316
1971 3401
4107 3402
3403 3822
3404 96
3405 2140
4902 3406
3407 2980
3408 1003
3238 3409
4297 3410
2925 3411
3412 2870
3413 3107
2483 3414
3155 3415
3416 12
3985 3417
3418 827
3419 232
3420 186
3421 2410
2715 3422
3423 2872
3424 2655
3425 556
3426 1233
3427 4623
3428 147
3775 3429
3430 1790
3950 3431
3432 3276
3433 1196
3434 719
3435 1981
1493 3436
4858 3437
3438 4741
2695 3439
581 3440
3441 868
3290 3442
3443 4740
3444 2405
3445 3254
3446 4269
3447 4976
2876 3448
1994 3449
2311 3450
1840 3451
3452 1412
3294 3453
3454 1977
1900 3455
3456 1708
3457 37
2568 3458
3459 4367
4255 3460
3747 3461
3462 2332
4272 3463
3464 2601
3465 1831
3466 2001
3316 3467
4821 3468
2724 3469
3560 3470
3399 3471
3384 3472
3473 1904
3474 4830
1828 3475
3476 4183
1243 3477
3478 4364
3479 3200
3480 3803
3481 2787
3482 724
1541 3483
3484 4225
3485 4148
403 3486
790 3487
3488 1663
2646 3489
3490 475
3766 3491
651 3492
3446 3493
4549 3494
270 3495
3496 2899
3497 3620
4386 3498
3499 854
3500 4756
3501 3873
1418 3502
3503 4899
3504 4508
3619 3505
3506 357
3507 683
867 3508
3509 1731
3510 1955
3511 3293
3512 2284
4463 3513
3514 1455
3515 3597
3516 4597
3517 2094
3518 240
3519 2835
3376 3520
3521 918
3522 1746
1272 3523
3524 594
2680 3525
1309 3526
3527 4218
3528 3939
3529 374
3530 4847
1719 3531
3532 4511
3533 1549
3534 3725
3535 4353
3049 3536
4357 3537
4120 3538
3539 444
4111 3540
1491 3541
3542 2781
3543 1508
651 3544
591 3545
726 3546
3726 3547
1696 3548
4891 3549
3648 3550
3551 1624
3552 2655
1369 3553
677 3554
4036 3555
3556 4790
679 3557
1808 3558
2142 3559
933 3560
1766 3561
3562 3812
3563 3233
235 3564
3330 3565
2454 3566
3567 294
3568 45
1644 3569
3699 3570
184 3571
3572 143
324 3573
3099 3574
1210 3575
3518 3576
3577 215
3578 4569
1006 3579
3580 458
3581 2936
845 3582
1101 3583
3584 3283
3585 4503
3586 2007
2860 3587
3588 452
3589 4523
3590 3115
3591 4555
1748 3592
3376 3593
3594 1335
3595 1179
3688 3596
4178 3597
4040 3598
4284 3599
3600 379
3601 289
3602 2091
2643 3603
3604 1891
3605 215
4507 3606
3607 3943
3608 4531
3609 1047
556 3610
1111 3611
3612 2805
2195 3613
3614 1899
3615 500
3616 1218
3617 2533
3618 2964
776 3619
3620 1931
411 3621
4678 3622
3623 4084
4794 3624
3625 3149
1510 3626
994 3627
3628 4636
3629 3773
3630 965
3631 3708
21 3632
4203 3633
3634 4435
3635 9
116 3636
76 3637
2564 3638
3639 4052
3640 2325
3641 2732
1362 3642
3643 4520
3644 3840
3645 3633
3646 3217
3647 1416
408 3648
3840 3649
3650 2964
4079 3651
1599 3652
3653 3077
1090 3654
395 3655
3656 4542
4935 3657
3139 3658
2510 3659
3660 4272
407 3661
3662 1983
1173 3663
3664 1502
427 3665
3666 4557
2625 3667
3901 3668
2218 3669
2417 3670
3174 3671
2973 3672
3673 1321
3674 3775
761 3675
1900 3676
4203 3677
2192 3678
3679 2236
2600 3680
343 3681
3682 2303
3683 145
3684 1311
2249 3685
243 3686
2872 3687
4531 3688
3689 2404
3690 1113
3691 3129
312 3692
3865 3693
1439 3694
3695 3643
3696 76
3697 2925
3698 309
1029 3699
4619 3700
3701 3463
3702 839
3703 3929
3704 231
3705 3915
3706 3906
3707 2690
1098 3708
2014 3709
3710 4440
135 3711
2490 3712
2110 3713
3714 4980
3388 3715
3223 3716
3717 2911
4128 3718
1125 3719
3720 4598
3721 2222
3722 3177
1085 3723
3724 4557
3725 854
3726 659
3727 4096
3728 3375
3729 651
3730 854
3731 257
2363 3732
3565 3733
1916 3734
221 3735
3736 939
3737 2397
3063 3738
3847 3739
916 3740
3741 1626
3806 3742
3709 3743
2832 3744
3543 3745
3746 257
3747 1470
3748 2089
3749 3878
3750 4721
3751 4678
4931 3752
3753 1063
3754 1507
3755 297
3756 3501
2125 3757
3142 3758
3759 4917
2592 3760
3761 4565
1617 3762
1251 3763
4514 3764
3571 3765
2323 3766
3767 4984
4056 3768
3769 4746
3770 3599
2739 3771
765 3772
1955 3773
781 3774
3775 826
1166 3776
3777 3929
3778 2208
3779 2380
2005 3780
3781 938
1313 3782
2083 3783
3784 4327
3785 4103
1686 3786
3787 407
3788 46
3789 1228
3906 3790
3791 253
3792 4384
4623 3793
1522 3794
3795 435
3796 227
3797 891
3798 4555
3799 4245
3800 2820
3801 2959
3459 3802
170 3803
3804 4145
4322 3805
3806 4320
4240 3807
3808 4389
3051 3809
3810 3091
3811 3590
3812 1339
3813 2439
3814 3276
3065 3815
3816 1745
3817 4657
3818 4968
3819 4148
232 3820
3821 1749
4744 3822
3823 4068
3824 4180
1890 3825
3826 313
1322 3827
4694 3828
3829 1664
3830 3266
4917 3831
3832 3572
3833 736
3834 587
1719 3835
2221 3836
3837 2395
3838 2109
3839 397
903 3840
3841 2067
3842 2338
3843 4688
3061 3844
3845 1151
3846 1987
3847 419
3848 4899
3849 2053
3850 4299
1288 3851
2507 3852
3853 795
3854 881
3770 3855
3856 2173
3330 3857
3858 3879
2870 3859
3860 2018
772 3861
2908 3862
2405 3863
4099 3864
3865 4074
3866 2370
3867 4821
3868 4945
3869 823
3823 3870
3871 1817
412 3872
2724 3873
3874 4947
3875 4427
3876 3417
3877 2805
3878 3446
3879 3372
3880 2344
991 3881
1887 3882
3883 1265
1532 3884
1840 3885
3886 3681
3887 4503
3888 948
2510 3889
3890 700
3891 1463
3892 2145
2854 3893
2340 3894
1328 3895
3896 1258
4756 3897
3898 1086
3700 3899
3900 4178
3901 1491
3902 1210
3903 2226
4319 3904
3905 3048
3906 4499
4027 3907
3908 4217
4572 3909
4427 3910
2960 3911
3912 4846
3913 2174
2763 3914
3915 3931
3916 4618
814 3917
3918 3003
3919 3804
3920 2495
3921 1647
3922 4112
3923 4636
3924 2184
2553 3925
3926 3821
4503 3927
3928 1317
3082 3929
3930 4045
3261 3931
3932 2925
2538 3933
3934 3067
3935 4541
3936 47
3937 350
326 3938
1091 3939
3986 3940
2221 3941
2956 3942
2229 3943
4682 3944
3945 1748
3946 3572
3947 3104
4818 3948
3949 3143
260 3950
2239 3951
3952 3347
1444 3953
3954 2734
3955 1951
1579 3956
3957 3618
3958 1990
3959 3320
3960 344
3961 3415
3962 3112
581 3963
3964 309
3965 4608
3463 3966
3967 2118
3968 4414
3835 3969
3970 505
3857 3971
2623 3972
3973 2425
2690 3974
131 3975
3976 3689
1455 3977
3978 3112
1085 3979
3980 1507
3981 4366
3982 1850
3983 3612
3984 3531
379 3985
1104 3986
3987 4241
4574 3988
2723 3989
843 3990
2951 3991
1446 3992
65 3993
3994 1813
3995 2246
3996 4986
4028 3997
3638 3998
3999 611
4677 4000
4001 3341
4002 4936
2381 4003
2594 4004
4005 4802
4006 826
2756 4007
4008 938
4009 3300
4010 4013
4011 1121
4012 4388
4013 1090
4014 2915
4948 4015
1471 4016
4017 101
4018 1887
4019 403
4020 4565
4021 2192
4022 4305
4023 4203
4024 3112
4025 1804
2306 4026
2473 4027
2703 4028
1218 4029
4030 4882
1589 4031
4508 4032
4033 2386
4034 300
1090 4035
1072 4036
741 4037
3061 4038
4039 2853
4040 2741
3669 4041
754 4042
4043 228
4044 4226
939 4045
4280 4046
1349 4047
4048 697
1547 4049
4050 4946
4051 4680
4052 390
4216 4053
4054 728
4055 4025
297 4056
4057 463
2249 4058
2699 4059
1286 4060
3519 4061
4062 3143
259 4063
4064 1631
1164 4065
2207 4066
4067 427
4068 2480
692 4069
956 4070
4071 4678
4008 4072
4073 1996
4074 2877
4075 686
3369 4076
405 4077
4001 4078
4079 1466
3104 4080
4081 703
4082 1552
3093 4083
4084 359
3643 4085
2739 4086
4087 2936
4088 1567
4089 1103
2277 4090
3969 4091
2814 4092
4093 1971
999 4094
4541 4095
4096 1881
3892 4097
1325 4098
4099 4376
4100 1146
4101 2697
1732 4102
4479 4103
3180 4104
4105 2052
3609 4106
4107 4896
281 4108
4109 1742
3507 4110
2625 4111
2855 4112
1706 4113
4114 2687
4115 2546
4116 2038
4117 3055
3665 4118
4119 4296
3814 4120
4121 4353
4634 4122
4123 660
2949 4124
2036 4125
3237 4126
4127 2630
4128 2418
4129 4122
4050 4130
2763 4131
4479 4132
4932 4133
4134 2222
4135 4052
4136 3681
1047 4137
4573 4138
1556 4139
4140 3091
3721 4141
4142 3230
4143 3778
4144 294
3726 4145
4146 1405
2699 4147
497 4148
2483 4149
3830 4150
1057 4151
2226 4152
4153 2021
1736 4154
82 4155
4156 2102
4157 2658
1861 4158
4159 3887
4160 3863
590 4161
4162 469
2492 4163
748 4164
4165 2966
4166 1237
2150 4167
1563 4168
4335 4169
4170 3608
4171 1239
4172 2316
4173 1602
3387 4174
4175 3620
4176 2960
4177 2001
4178 438
344 4179
4180 4549
4181 1644
4894 4182
1416 4183
4184 6
2559 4185
4186 245
4187 1983
4188 1616
4189 4082
4510 4190
3493 4191
3776 4192
1487 4193
627 4194
1272 4195
4196 1376
4197 1347
4198 4976
4802 4199
4200 1335
4201 411
4202 2946
634 4203
4204 4843
4412 4205
3139 4206
4207 2734
4208 1958
4209 1098
4210 776
1319 4211
3886 4212
4436 4213
4214 1412
4215 2575
2378 4216
1724 4217
891 4218
439 4219
3398 4220
4221 971
4222 324
4223 449
2938 4224
4225 1625
443 4226
4117 4227
791 4228
4229 3985
4230 4232
3735 4231
4232 1677
4233 654
4234 4420
4235 4130
4236 3624
4237 2794
409 4238
4239 1446
4240 4112
703 4241
811 4242
321 4243
4244 3027
4245 962
4246 2747
4247 1842
4657 4248
558 4249
4250 2956
781 4251
1339 4252
4253 3574
4391 4254
4255 624
1257 4256
3240 4257
4258 1635
1444 4259
1981 4260
2097 4261
4262 2663
4396 4263
275 4264
4265 3970
4266 12
1097 4267
1892 4268
4585 4269
2207 4270
2366 4271
4272 4249
235 4273
4274 2776
4275 1449
4276 962
2804 4277
315 4278
759 4279
3573 4280
3337 4281
2661 4282
4283 313
974 4284
309 4285
4286 3364
4885 4287
4288 3175
4289 495
1880 4290
4291 2152
1908 4292
4106 4293
2679 4294
4295 467
4296 505
4297 4457
4298 2130
4299 1597
3926 4300
3978 4301
4302 3233
807 4303
4304 1575
2460 4305
4306 234
430 4307
3933 4308
91 4309
1053 4310
4311 1993
1937 4312
4378 4313
4314 2402
4315 4024
2686 4316
2794 4317
4318 324
4319 3133
4320 1519
411 4321
1887 4322
4323 581
4324 1179
1910 4325
4326 3001
4327 1660
4328 108
1645 4329
4330 1164
4331 4514
1732 4332
3522 4333
943 4334
3035 4335
3872 4336
4337 1749
4338 305
4339 4305
4340 565
4341 1789
3043 4342
3980 4343
4344 1280
4345 275
4719 4346
4347 2908
1397 4348
4349 892
4440 4350
3364 4351
2691 4352
4353 3926
4492 4354
4355 443
4356 3111
4357 3633
4358 4863
4359 894
4360 4961
3833 4361
487 4362
633 4363
4895 4364
3280 4365
4366 4952
4644 4367
236 4368
4369 3362
4370 254
4371 557
4372 2391
1143 4373
3814 4374
4849 4375
4376 3540
1536 4377
4255 4378
4379 412
4380 1745
450 4381
4382 3708
4383 1098
4384 3217
4385 2142
4386 2828
4387 2311
3886 4388
770 4389
2466 4390
4391 2221
4392 2826
3177 4393
3733 4394
4395 4789
1737 4396
4397 3063
1742 4398
4399 3133
519 4400
4401 3475
4402 2216
4403 3562
3439 4404
4405 1616
4600 4406
4407 4660
4544 4408
4409 403
4410 1319
4723 4411
1979 4412
4413 277
2324 4414
4415 4011
4416 4500
4417 3718
4418 3003
4526 4419
719 4420
4421 3129
4422 4989
382 4423
4424 963
4425 3347
4426 1272
837 4427
4428 2908
2078 4429
4430 2655
47 4431
4435 4432
4412 4433
4406 4434
4435 1736
3954 4436
4353 4437
1734 4438
4307 4439
4440 4839
4441 4607
4442 3012
653 4443
4444 4742
421 4445
4446 3748
1125 4447
4448 4818
4449 3599
2347 4450
4451 3861
4452 891
4453 2880
535 4454
4455 866
1025 4456
1276 4457
4458 4420
4459 2243
4460 2501
309 4461
1927 4462
4463 719
1022 4464
3863 4465
4466 4538
1060 4467
2066 4468
359 4469
3832 4470
4471 1039
1976 4472
4473 1036
2179 4474
4475 4644
854 4476
1125 4477
1015 4478
4479 4233
4480 3520
3089 4481
1623 4482
4068 4483
4484 21
4485 1187
3725 4486
4487 2202
4488 3942
3978 4489
4952 4490
2849 4491
1842 4492
1861 4493
2097 4494
4931 4495
4496 796
4497 3973
4498 2340
4499 1810
4526 4500
4604 4501
3020 4502
4503 4572
2723 4504
4505 1366
4506 3880
643 4507
597 4508
4509 4492
1548 4510
1949 4511
4512 325
4513 1314
927 4514
4515 736
4516 192
4517 3574
4257 4518
4519 1345
4520 1248
4521 3526
4522 3184
4716 4523
2698 4524
4525 3469
2025 4526
4738 4527
277 4528
4529 4123
1097 4530
4581 4531
2394 4532
4533 3146
4534 434
1003 4535
4536 4695
2951 4537
1405 4538
4539 4569
2027 4540
4541 4045
4542 2243
4543 4538
4544 3263
4545 2199
2119 4546
996 4547
3042 4548
4549 3234
1968 4550
2957 4551
2849 4552
4553 2116
4554 1219
3099 4555
4103 4556
4557 1904
4563 4558
1709 4559
535 4560
4540 4561
4562 2936
4563 280
4635 4564
1360 4565
4566 2004
4567 4792
3148 4568
4569 2277
4570 423
4571 3089
4660 4572
4573 1640
1471 4574
1626 4575
4576 1218
4577 4008
4578 2952
2372 4579
4580 3369
4581 2236
936 4582
3384 4583
4584 4939
4585 627
795 4586
1256 4587
4588 2794
2075 4589
4590 3240
2199 4591
1256 4592
4593 4378
4208 4594
2329 4595
4596 2003
4597 463
1034 4598
3419 4599
4600 2250
4601 3203
4602 261
1328 4603
4604 3164
1016 4605
4606 4884
3279 4607
4111 4608
4609 3142
4610 772
4611 4765
2730 4612
4613 1324
3886 4614
4623 4615
1471 4616
4617 2800
4618 38
1823 4619
957 4620
4621 2698
4622 374
4623 1489
817 4624
3286 4625
4626 3985
4627 1891
4628 2391
2243 4629
737 4630
4927 4631
4083 4632
4633 3369
4634 4567
4711 4635
4636 2860
3773 4637
2341 4638
4639 2480
941 4640
898 4641
4642 4991
4643 1179
1942 4644
4645 2842
4646 1840
1861 4647
2707 4648
2483 4649
1071 4650
4651 4487
4652 633
4653 802
240 4654
55 4655
3382 4656
4052 4657
797 4658
3725 4659
4660 3422
4661 1635
4277 4662
4663 1719
1910 4664
4665 3279
2988 4666
1952 4667
4668 2855
4669 4643
1790 4670
227 4671
3954 4672
4673 4885
4674 3843
4857 4675
2703 4676
1270 4677
4608 4678
4679 2101
4680 3538
4681 3851
701 4682
2244 4683
4319 4684
1378 4685
4686 2202
4687 3791
2911 4688
3730 4689
1072 4690
4691 1077
4692 776
4693 2413
1160 4694
4695 4838
2152 4696
4312 4697
4698 2017
580 4699
2893 4700
4701 4695
1750 4702
4703 4226
4704 4056
1083 4705
4706 4899
4544 4707
2492 4708
3868 4709
977 4710
4023 4711
2762 4712
4259 4713
4714 994
4715 4531
1233 4716
4717 4021
4718 505
4719 2003
537 4720
3103 4721
4722 3932
4723 3364
1736 4724
4725 3912
781 4726
4009 4727
4576 4728
4729 1900
2658 4730
2473 4731
4732 240
4050 4733
1941 4734
2719 4735
3234 4736
338 4737
4738 1681
2158 4739
186 4741
4742 3261
4743 1666
1620 4744
4745 3863
4226 4746
4747 2089
4302 4748
123 4749
4750 579
487 4751
4752 1858
1466 4753
2452 4754
4755 845
4756 2099
4598 4757
4758 3595
4759 4607
1280 4760
4761 2715
4762 2496
3880 4763
4764 3924
4765 2942
3033 4766
3832 4767
4768 3415
4973 4769
4770 2266
1624 4771
4772 4232
4401 4773
4774 1128
4775 4013
3702 4776
4777 4858
923 4778
4779 4565
2553 4780
4622 4781
4782 1706
3900 4783
4009 4784
4785 1379
4786 867
4787 4636
4788 802
3149 4789
4790 866
4791 3714
3544 4792
4793 1242
4794 838
1965 4795
4796 1734
2422 4797
2014 4798
3183 4799
300 4800
4801 423
178 4802
390 4803
4804 3553
4805 3503
4806 3571
2492 4807
3240 4808
2658 4809
1064 4810
4811 2223
4812 3218
452 4813
4814 1746
4815 3091
3843 4816
4817 46
1446 4818
3766 4819
2942 4820
1828 4821
2965 4822
1666 4823
4824 337
4825 2819
4826 3156
4404 4827
2083 4828
4829 4050
1016 4830
4984 4831
4832 2227
4833 4576
4834 1916
1823 4835
3458 4836
4837 458
952 4838
265 4839
3770 4840
4643 4841
1735 4842
4843 4688
1939 4844
4845 3909
323 4846
1428 4847
4848 581
737 4849
4850 4586
4851 2270
4852 1314
4853 2062
4854 2231
273 4855
4856 2877
3663 4857
4858 908
4859 3714
4860 1289
4861 3548
4574 4862
4159 4863
4412 4864
2716 4865
4866 4565
1861 4867
4868 2346
4869 4357
4870 487
4871 1556
2234 4872
4873 2562
4874 37
4671 4875
4842 4876
2402 4877
4878 2876
1203 4879
4880 3939
1330 4881
2241 4882
2723 4883
4884 1317
64 4885
4886 1656
4887 2442
4888 419
4318 4889
4033 4890
2735 4891
4783 4892
1080 4893
4772 4894
4895 2248
4896 2
4897 616
3494 4898
180 4899
2509 4900
4901 1529
779 4902
4903 1077
94 4904
98 4905
1996 4906
2258 4907
1101 4908
4909 4222
4894 4910
4911 956
4912 1539
4913 2109
4914 1810
4915 208
4916 294
4917 3055
4219 4918
2416 4919
1575 4920
4921 3068
1859 4922
4923 1309
834 4924
4925 1899
1090 4926
4404 4927
2841 4928
4929 2957
4930 1806
4972 4931
4932 1874
3136 4933
4934 2038
4935 3290
4936 4146
4937 1519
3498 4938
4939 975
4940 4309
4941 3183
4942 134
4943 1516
2003 4944
692 4945
4946 2025
717 4947
4948 1617
4949 1085
4884 4950
4951 3649
1750 4952
3612 4953
867 4954
4955 3323
4956 343
2257 4957
4958 4085
4959 2083
4960 1708
2452 4961
4962 1022
1746 4963
2575 4964
2382 4965
4966 2122
4967 586
4968 4708
4002 4969
3593 4970
4971 537
4972 4134
4973 495
4974 2695
3297 4975
4538 4976
4977 4660
1789 4978
4979 2860
1262 4980
186 4981
431 4982
4453 4983
4984 799
4985 816
4986 2444
7 4987
1134 4988
1811 4989
4787 4990
376 4991
4992 2915
4993 4245
3200 4994
4995 1330
4838 4996
943 4997
4998 1900
4999 1092
5000 2707
